mode: atomic
github.com/grumpyguvner/gomail/cmd/mailserver/main.go:28.13,42.2 10 0
github.com/grumpyguvner/gomail/cmd/mailserver/main.go:44.19,45.19 1 0
github.com/grumpyguvner/gomail/cmd/mailserver/main.go:45.19,47.3 1 0
github.com/grumpyguvner/gomail/cmd/mailserver/main.go:47.8,52.3 4 0
github.com/grumpyguvner/gomail/cmd/mailserver/main.go:54.2,63.45 7 0
github.com/grumpyguvner/gomail/cmd/mailserver/main.go:63.45,64.20 1 0
github.com/grumpyguvner/gomail/cmd/mailserver/main.go:64.20,66.4 1 0
github.com/grumpyguvner/gomail/cmd/mailserver/main.go:70.2,71.16 2 0
github.com/grumpyguvner/gomail/cmd/mailserver/main.go:71.16,73.3 1 0
github.com/grumpyguvner/gomail/cmd/mailserver/main.go:74.2,74.51 1 0
github.com/grumpyguvner/gomail/cmd/mailserver/main.go:74.51,76.3 1 0
github.com/grumpyguvner/gomail/cmd/mailserver/main.go:77.2,77.26 1 0
github.com/grumpyguvner/gomail/cmd/mailserver/main.go:80.13,81.42 1 0
github.com/grumpyguvner/gomail/cmd/mailserver/main.go:81.42,84.3 2 0
github.com/grumpyguvner/gomail/cmd/mailserver/main.go:86.2,86.16 1 0
github.com/grumpyguvner/gomail/cmd/mailserver/quickstart.go:36.13,39.2 2 0
github.com/grumpyguvner/gomail/cmd/mailserver/quickstart.go:41.61,48.23 5 0
github.com/grumpyguvner/gomail/cmd/mailserver/quickstart.go:48.23,50.3 1 0
github.com/grumpyguvner/gomail/cmd/mailserver/quickstart.go:52.2,60.47 7 0
github.com/grumpyguvner/gomail/cmd/mailserver/quickstart.go:60.47,66.17 4 0
github.com/grumpyguvner/gomail/cmd/mailserver/quickstart.go:66.17,67.64 1 0
github.com/grumpyguvner/gomail/cmd/mailserver/quickstart.go:67.64,68.57 1 0
github.com/grumpyguvner/gomail/cmd/mailserver/quickstart.go:68.57,70.6 1 0
github.com/grumpyguvner/gomail/cmd/mailserver/quickstart.go:71.5,71.73 1 0
github.com/grumpyguvner/gomail/cmd/mailserver/quickstart.go:71.73,73.6 1 0
github.com/grumpyguvner/gomail/cmd/mailserver/quickstart.go:74.5,74.80 1 0
github.com/grumpyguvner/gomail/cmd/mailserver/quickstart.go:74.80,76.6 1 0
github.com/grumpyguvner/gomail/cmd/mailserver/quickstart.go:79.8,81.3 1 0
github.com/grumpyguvner/gomail/cmd/mailserver/quickstart.go:84.2,84.19 1 0
github.com/grumpyguvner/gomail/cmd/mailserver/quickstart.go:84.19,86.3 1 0
github.com/grumpyguvner/gomail/cmd/mailserver/quickstart.go:86.8,86.35 1 0
github.com/grumpyguvner/gomail/cmd/mailserver/quickstart.go:86.35,88.3 1 0
github.com/grumpyguvner/gomail/cmd/mailserver/quickstart.go:91.2,91.27 1 0
github.com/grumpyguvner/gomail/cmd/mailserver/quickstart.go:91.27,93.3 1 0
github.com/grumpyguvner/gomail/cmd/mailserver/quickstart.go:95.2,98.20 2 0
github.com/grumpyguvner/gomail/cmd/mailserver/quickstart.go:98.20,100.19 1 0
github.com/grumpyguvner/gomail/cmd/mailserver/quickstart.go:100.19,105.20 4 0
github.com/grumpyguvner/gomail/cmd/mailserver/quickstart.go:105.20,107.23 2 0
github.com/grumpyguvner/gomail/cmd/mailserver/quickstart.go:107.23,110.6 2 0
github.com/grumpyguvner/gomail/cmd/mailserver/quickstart.go:110.11,112.6 1 0
github.com/grumpyguvner/gomail/cmd/mailserver/quickstart.go:117.3,117.20 1 0
github.com/grumpyguvner/gomail/cmd/mailserver/quickstart.go:117.20,123.4 5 0
github.com/grumpyguvner/gomail/cmd/mailserver/quickstart.go:126.3,127.50 2 0
github.com/grumpyguvner/gomail/cmd/mailserver/quickstart.go:127.50,129.4 1 0
github.com/grumpyguvner/gomail/cmd/mailserver/quickstart.go:130.3,130.62 1 0
github.com/grumpyguvner/gomail/cmd/mailserver/quickstart.go:134.2,145.19 2 0
github.com/grumpyguvner/gomail/cmd/mailserver/quickstart.go:145.19,147.3 1 0
github.com/grumpyguvner/gomail/cmd/mailserver/quickstart.go:150.2,153.16 3 0
github.com/grumpyguvner/gomail/cmd/mailserver/quickstart.go:153.16,155.3 1 0
github.com/grumpyguvner/gomail/cmd/mailserver/quickstart.go:157.2,157.67 1 0
github.com/grumpyguvner/gomail/cmd/mailserver/quickstart.go:157.67,159.3 1 0
github.com/grumpyguvner/gomail/cmd/mailserver/quickstart.go:160.2,160.20 1 0
github.com/grumpyguvner/gomail/cmd/mailserver/quickstart.go:160.20,162.3 1 0
github.com/grumpyguvner/gomail/cmd/mailserver/quickstart.go:162.8,164.3 1 0
github.com/grumpyguvner/gomail/cmd/mailserver/quickstart.go:167.2,171.41 5 0
github.com/grumpyguvner/gomail/cmd/mailserver/quickstart.go:171.41,173.3 1 0
github.com/grumpyguvner/gomail/cmd/mailserver/quickstart.go:174.2,181.40 6 0
github.com/grumpyguvner/gomail/cmd/mailserver/quickstart.go:181.40,183.3 1 0
github.com/grumpyguvner/gomail/cmd/mailserver/quickstart.go:184.2,187.19 2 0
github.com/grumpyguvner/gomail/cmd/mailserver/quickstart.go:187.19,192.38 5 0
github.com/grumpyguvner/gomail/cmd/mailserver/quickstart.go:192.38,194.4 1 0
github.com/grumpyguvner/gomail/cmd/mailserver/quickstart.go:194.9,196.4 1 0
github.com/grumpyguvner/gomail/cmd/mailserver/quickstart.go:200.2,225.80 4 0
github.com/grumpyguvner/gomail/cmd/mailserver/quickstart.go:225.80,227.3 1 0
github.com/grumpyguvner/gomail/cmd/mailserver/quickstart.go:230.2,230.71 1 0
github.com/grumpyguvner/gomail/cmd/mailserver/quickstart.go:230.71,231.115 1 0
github.com/grumpyguvner/gomail/cmd/mailserver/quickstart.go:231.115,233.4 1 0
github.com/grumpyguvner/gomail/cmd/mailserver/quickstart.go:237.2,237.62 1 0
github.com/grumpyguvner/gomail/cmd/mailserver/quickstart.go:237.62,239.3 1 0
github.com/grumpyguvner/gomail/cmd/mailserver/quickstart.go:240.2,240.90 1 0
github.com/grumpyguvner/gomail/cmd/mailserver/quickstart.go:240.90,242.3 1 0
github.com/grumpyguvner/gomail/cmd/mailserver/quickstart.go:245.2,245.73 1 0
github.com/grumpyguvner/gomail/cmd/mailserver/quickstart.go:245.73,248.3 1 0
github.com/grumpyguvner/gomail/cmd/mailserver/quickstart.go:249.2,249.76 1 0
github.com/grumpyguvner/gomail/cmd/mailserver/quickstart.go:249.76,252.3 1 0
github.com/grumpyguvner/gomail/cmd/mailserver/quickstart.go:253.2,253.75 1 0
github.com/grumpyguvner/gomail/cmd/mailserver/quickstart.go:253.75,255.3 1 0
github.com/grumpyguvner/gomail/cmd/mailserver/quickstart.go:256.2,265.20 8 0
github.com/grumpyguvner/gomail/cmd/mailserver/quickstart.go:265.20,267.3 1 0
github.com/grumpyguvner/gomail/cmd/mailserver/quickstart.go:268.2,270.19 3 0
github.com/grumpyguvner/gomail/cmd/mailserver/quickstart.go:270.19,272.3 1 0
github.com/grumpyguvner/gomail/cmd/mailserver/quickstart.go:273.2,275.19 3 0
github.com/grumpyguvner/gomail/cmd/mailserver/quickstart.go:275.19,277.3 1 0
github.com/grumpyguvner/gomail/cmd/mailserver/quickstart.go:277.8,279.3 1 0
github.com/grumpyguvner/gomail/cmd/mailserver/quickstart.go:280.2,282.20 3 0
github.com/grumpyguvner/gomail/cmd/mailserver/quickstart.go:282.20,285.3 2 0
github.com/grumpyguvner/gomail/cmd/mailserver/quickstart.go:287.2,287.12 1 0
github.com/grumpyguvner/gomail/internal/commands/config.go:16.40,28.2 5 0
github.com/grumpyguvner/gomail/internal/commands/config.go:30.44,36.55 2 0
github.com/grumpyguvner/gomail/internal/commands/config.go:36.55,38.18 2 0
github.com/grumpyguvner/gomail/internal/commands/config.go:38.18,40.5 1 0
github.com/grumpyguvner/gomail/internal/commands/config.go:43.4,44.20 2 0
github.com/grumpyguvner/gomail/internal/commands/config.go:44.20,45.37 1 0
github.com/grumpyguvner/gomail/internal/commands/config.go:45.37,47.6 1 0
github.com/grumpyguvner/gomail/internal/commands/config.go:48.5,48.36 1 0
github.com/grumpyguvner/gomail/internal/commands/config.go:48.36,50.6 1 0
github.com/grumpyguvner/gomail/internal/commands/config.go:54.4,55.18 2 0
github.com/grumpyguvner/gomail/internal/commands/config.go:55.18,57.5 1 0
github.com/grumpyguvner/gomail/internal/commands/config.go:59.4,60.14 2 0
github.com/grumpyguvner/gomail/internal/commands/config.go:64.2,66.12 2 0
github.com/grumpyguvner/gomail/internal/commands/config.go:69.43,74.55 1 0
github.com/grumpyguvner/gomail/internal/commands/config.go:74.55,83.24 5 0
github.com/grumpyguvner/gomail/internal/commands/config.go:83.24,85.5 1 0
github.com/grumpyguvner/gomail/internal/commands/config.go:88.4,88.63 1 0
github.com/grumpyguvner/gomail/internal/commands/config.go:88.63,90.5 1 0
github.com/grumpyguvner/gomail/internal/commands/config.go:93.4,93.58 1 0
github.com/grumpyguvner/gomail/internal/commands/config.go:93.58,95.5 1 0
github.com/grumpyguvner/gomail/internal/commands/config.go:97.4,101.71 3 0
github.com/grumpyguvner/gomail/internal/commands/config.go:101.71,105.5 3 0
github.com/grumpyguvner/gomail/internal/commands/config.go:107.4,107.14 1 0
github.com/grumpyguvner/gomail/internal/commands/config.go:112.48,116.55 1 0
github.com/grumpyguvner/gomail/internal/commands/config.go:116.55,123.18 5 0
github.com/grumpyguvner/gomail/internal/commands/config.go:123.18,125.5 1 0
github.com/grumpyguvner/gomail/internal/commands/config.go:125.10,127.5 1 0
github.com/grumpyguvner/gomail/internal/commands/config.go:130.4,144.47 3 0
github.com/grumpyguvner/gomail/internal/commands/config.go:144.47,146.5 1 0
github.com/grumpyguvner/gomail/internal/commands/config.go:148.4,154.14 6 0
github.com/grumpyguvner/gomail/internal/commands/dns.go:9.37,20.2 4 0
github.com/grumpyguvner/gomail/internal/commands/dns.go:22.42,27.55 1 0
github.com/grumpyguvner/gomail/internal/commands/dns.go:27.55,41.4 4 0
github.com/grumpyguvner/gomail/internal/commands/dns.go:45.42,50.55 1 0
github.com/grumpyguvner/gomail/internal/commands/dns.go:50.55,65.4 4 0
github.com/grumpyguvner/gomail/internal/commands/domain.go:13.40,26.2 6 0
github.com/grumpyguvner/gomail/internal/commands/domain.go:28.43,35.55 2 0
github.com/grumpyguvner/gomail/internal/commands/domain.go:35.55,37.25 1 0
github.com/grumpyguvner/gomail/internal/commands/domain.go:37.25,39.5 1 0
github.com/grumpyguvner/gomail/internal/commands/domain.go:41.4,45.18 3 0
github.com/grumpyguvner/gomail/internal/commands/domain.go:45.18,47.5 1 0
github.com/grumpyguvner/gomail/internal/commands/domain.go:50.4,51.52 2 0
github.com/grumpyguvner/gomail/internal/commands/domain.go:51.52,53.5 1 0
github.com/grumpyguvner/gomail/internal/commands/domain.go:55.4,59.44 3 0
github.com/grumpyguvner/gomail/internal/commands/domain.go:59.44,63.5 2 0
github.com/grumpyguvner/gomail/internal/commands/domain.go:66.4,66.50 1 0
github.com/grumpyguvner/gomail/internal/commands/domain.go:66.50,69.5 2 0
github.com/grumpyguvner/gomail/internal/commands/domain.go:69.10,71.5 1 0
github.com/grumpyguvner/gomail/internal/commands/domain.go:73.4,75.21 2 0
github.com/grumpyguvner/gomail/internal/commands/domain.go:75.21,79.5 3 0
github.com/grumpyguvner/gomail/internal/commands/domain.go:81.4,81.14 1 0
github.com/grumpyguvner/gomail/internal/commands/domain.go:85.2,87.12 2 0
github.com/grumpyguvner/gomail/internal/commands/domain.go:90.46,95.55 1 0
github.com/grumpyguvner/gomail/internal/commands/domain.go:95.55,97.25 1 0
github.com/grumpyguvner/gomail/internal/commands/domain.go:97.25,99.5 1 0
github.com/grumpyguvner/gomail/internal/commands/domain.go:101.4,105.18 3 0
github.com/grumpyguvner/gomail/internal/commands/domain.go:105.18,107.5 1 0
github.com/grumpyguvner/gomail/internal/commands/domain.go:110.4,111.55 2 0
github.com/grumpyguvner/gomail/internal/commands/domain.go:111.55,113.5 1 0
github.com/grumpyguvner/gomail/internal/commands/domain.go:115.4,119.50 3 0
github.com/grumpyguvner/gomail/internal/commands/domain.go:119.50,122.5 2 0
github.com/grumpyguvner/gomail/internal/commands/domain.go:122.10,124.5 1 0
github.com/grumpyguvner/gomail/internal/commands/domain.go:126.4,129.14 3 0
github.com/grumpyguvner/gomail/internal/commands/domain.go:134.44,138.55 1 0
github.com/grumpyguvner/gomail/internal/commands/domain.go:138.55,141.18 2 0
github.com/grumpyguvner/gomail/internal/commands/domain.go:141.18,143.5 1 0
github.com/grumpyguvner/gomail/internal/commands/domain.go:146.4,148.18 3 0
github.com/grumpyguvner/gomail/internal/commands/domain.go:148.18,150.5 1 0
github.com/grumpyguvner/gomail/internal/commands/domain.go:152.4,152.25 1 0
github.com/grumpyguvner/gomail/internal/commands/domain.go:152.25,156.5 3 0
github.com/grumpyguvner/gomail/internal/commands/domain.go:158.4,159.35 2 0
github.com/grumpyguvner/gomail/internal/commands/domain.go:159.35,161.5 1 0
github.com/grumpyguvner/gomail/internal/commands/domain.go:163.4,165.14 2 0
github.com/grumpyguvner/gomail/internal/commands/domain.go:170.44,175.55 1 0
github.com/grumpyguvner/gomail/internal/commands/domain.go:175.55,180.18 3 0
github.com/grumpyguvner/gomail/internal/commands/domain.go:180.18,182.5 1 0
github.com/grumpyguvner/gomail/internal/commands/domain.go:184.4,189.18 4 0
github.com/grumpyguvner/gomail/internal/commands/domain.go:189.18,191.5 1 0
github.com/grumpyguvner/gomail/internal/commands/domain.go:193.4,194.30 2 0
github.com/grumpyguvner/gomail/internal/commands/domain.go:194.30,195.20 1 0
github.com/grumpyguvner/gomail/internal/commands/domain.go:195.20,197.11 2 0
github.com/grumpyguvner/gomail/internal/commands/domain.go:201.4,201.24 1 0
github.com/grumpyguvner/gomail/internal/commands/domain.go:201.24,203.5 1 0
github.com/grumpyguvner/gomail/internal/commands/domain.go:203.10,206.5 2 0
github.com/grumpyguvner/gomail/internal/commands/domain.go:209.4,215.34 4 0
github.com/grumpyguvner/gomail/internal/commands/domain.go:215.34,217.5 1 0
github.com/grumpyguvner/gomail/internal/commands/domain.go:217.10,220.5 2 0
github.com/grumpyguvner/gomail/internal/commands/domain.go:225.4,225.14 1 0
github.com/grumpyguvner/gomail/internal/commands/install.go:14.41,26.55 2 0
github.com/grumpyguvner/gomail/internal/commands/install.go:26.55,28.25 1 0
github.com/grumpyguvner/gomail/internal/commands/install.go:28.25,30.5 1 0
github.com/grumpyguvner/gomail/internal/commands/install.go:32.4,37.18 4 0
github.com/grumpyguvner/gomail/internal/commands/install.go:37.18,39.5 1 0
github.com/grumpyguvner/gomail/internal/commands/install.go:42.4,43.41 2 0
github.com/grumpyguvner/gomail/internal/commands/install.go:43.41,45.5 1 0
github.com/grumpyguvner/gomail/internal/commands/install.go:48.4,48.20 1 0
github.com/grumpyguvner/gomail/internal/commands/install.go:48.20,54.47 5 0
github.com/grumpyguvner/gomail/internal/commands/install.go:54.47,56.6 1 0
github.com/grumpyguvner/gomail/internal/commands/install.go:57.5,57.56 1 0
github.com/grumpyguvner/gomail/internal/commands/install.go:61.4,61.16 1 0
github.com/grumpyguvner/gomail/internal/commands/install.go:61.16,63.50 2 0
github.com/grumpyguvner/gomail/internal/commands/install.go:63.50,65.6 1 0
github.com/grumpyguvner/gomail/internal/commands/install.go:66.5,66.50 1 0
github.com/grumpyguvner/gomail/internal/commands/install.go:70.4,70.40 1 0
github.com/grumpyguvner/gomail/internal/commands/install.go:70.40,74.5 2 0
github.com/grumpyguvner/gomail/internal/commands/install.go:77.4,78.47 2 0
github.com/grumpyguvner/gomail/internal/commands/install.go:78.47,80.5 1 0
github.com/grumpyguvner/gomail/internal/commands/install.go:82.4,89.14 7 0
github.com/grumpyguvner/gomail/internal/commands/install.go:93.2,97.12 4 0
github.com/grumpyguvner/gomail/internal/commands/install.go:100.27,105.2 4 0
github.com/grumpyguvner/gomail/internal/commands/install.go:107.50,110.16 2 0
github.com/grumpyguvner/gomail/internal/commands/install.go:110.16,112.3 1 0
github.com/grumpyguvner/gomail/internal/commands/install.go:114.2,115.35 2 0
github.com/grumpyguvner/gomail/internal/commands/install.go:115.35,118.17 2 0
github.com/grumpyguvner/gomail/internal/commands/install.go:118.17,120.4 1 0
github.com/grumpyguvner/gomail/internal/commands/install.go:122.3,122.66 1 0
github.com/grumpyguvner/gomail/internal/commands/install.go:122.66,124.4 1 0
github.com/grumpyguvner/gomail/internal/commands/install.go:125.3,125.62 1 0
github.com/grumpyguvner/gomail/internal/commands/install.go:129.2,129.44 1 0
github.com/grumpyguvner/gomail/internal/commands/install.go:129.44,131.3 1 0
github.com/grumpyguvner/gomail/internal/commands/install.go:134.2,134.55 1 0
github.com/grumpyguvner/gomail/internal/commands/install.go:134.55,136.3 1 0
github.com/grumpyguvner/gomail/internal/commands/install.go:139.2,140.34 2 0
github.com/grumpyguvner/gomail/internal/commands/install.go:140.34,142.3 1 0
github.com/grumpyguvner/gomail/internal/commands/install.go:145.2,145.48 1 0
github.com/grumpyguvner/gomail/internal/commands/install.go:145.48,147.3 1 0
github.com/grumpyguvner/gomail/internal/commands/install.go:150.2,150.51 1 0
github.com/grumpyguvner/gomail/internal/commands/install.go:150.51,152.3 1 0
github.com/grumpyguvner/gomail/internal/commands/install.go:154.2,154.12 1 0
github.com/grumpyguvner/gomail/internal/commands/install.go:157.32,160.34 2 0
github.com/grumpyguvner/gomail/internal/commands/install.go:160.34,162.3 1 0
github.com/grumpyguvner/gomail/internal/commands/install.go:165.2,166.18 2 0
github.com/grumpyguvner/gomail/internal/commands/install.go:169.36,194.109 2 0
github.com/grumpyguvner/gomail/internal/commands/install.go:194.109,196.3 1 0
github.com/grumpyguvner/gomail/internal/commands/install.go:199.2,200.18 2 0
github.com/grumpyguvner/gomail/internal/commands/install.go:203.54,217.89 2 0
github.com/grumpyguvner/gomail/internal/commands/install.go:217.89,219.3 1 0
github.com/grumpyguvner/gomail/internal/commands/install.go:221.2,221.12 1 0
github.com/grumpyguvner/gomail/internal/commands/server.go:18.40,30.55 2 0
github.com/grumpyguvner/gomail/internal/commands/server.go:30.55,33.18 2 0
github.com/grumpyguvner/gomail/internal/commands/server.go:33.18,35.5 1 0
github.com/grumpyguvner/gomail/internal/commands/server.go:38.4,38.35 1 0
github.com/grumpyguvner/gomail/internal/commands/server.go:38.35,40.5 1 0
github.com/grumpyguvner/gomail/internal/commands/server.go:41.4,41.35 1 0
github.com/grumpyguvner/gomail/internal/commands/server.go:41.35,43.5 1 0
github.com/grumpyguvner/gomail/internal/commands/server.go:44.4,44.39 1 0
github.com/grumpyguvner/gomail/internal/commands/server.go:44.39,46.5 1 0
github.com/grumpyguvner/gomail/internal/commands/server.go:47.4,47.36 1 0
github.com/grumpyguvner/gomail/internal/commands/server.go:47.36,49.5 1 0
github.com/grumpyguvner/gomail/internal/commands/server.go:52.4,52.59 1 0
github.com/grumpyguvner/gomail/internal/commands/server.go:52.59,54.5 1 0
github.com/grumpyguvner/gomail/internal/commands/server.go:57.4,57.71 1 0
github.com/grumpyguvner/gomail/internal/commands/server.go:57.71,59.5 1 0
github.com/grumpyguvner/gomail/internal/commands/server.go:62.4,63.18 2 0
github.com/grumpyguvner/gomail/internal/commands/server.go:63.18,65.5 1 0
github.com/grumpyguvner/gomail/internal/commands/server.go:68.4,74.14 5 0
github.com/grumpyguvner/gomail/internal/commands/server.go:74.14,78.5 3 0
github.com/grumpyguvner/gomail/internal/commands/server.go:81.4,82.44 2 0
github.com/grumpyguvner/gomail/internal/commands/server.go:82.44,84.5 1 0
github.com/grumpyguvner/gomail/internal/commands/server.go:87.4,93.55 4 0
github.com/grumpyguvner/gomail/internal/commands/server.go:93.55,95.5 1 0
github.com/grumpyguvner/gomail/internal/commands/server.go:97.4,98.14 2 0
github.com/grumpyguvner/gomail/internal/commands/server.go:102.2,107.12 5 0
github.com/grumpyguvner/gomail/internal/commands/ssl.go:9.37,21.2 5 0
github.com/grumpyguvner/gomail/internal/commands/ssl.go:23.42,27.55 1 0
github.com/grumpyguvner/gomail/internal/commands/ssl.go:27.55,39.4 3 0
github.com/grumpyguvner/gomail/internal/commands/ssl.go:43.42,47.55 1 0
github.com/grumpyguvner/gomail/internal/commands/ssl.go:47.55,57.4 3 0
github.com/grumpyguvner/gomail/internal/commands/ssl.go:61.43,65.55 1 0
github.com/grumpyguvner/gomail/internal/commands/ssl.go:65.55,76.4 3 0
github.com/grumpyguvner/gomail/internal/commands/test.go:11.38,16.55 1 0
github.com/grumpyguvner/gomail/internal/commands/test.go:16.55,22.18 4 0
github.com/grumpyguvner/gomail/internal/commands/test.go:22.18,24.5 1 0
github.com/grumpyguvner/gomail/internal/commands/test.go:27.4,28.46 2 0
github.com/grumpyguvner/gomail/internal/commands/test.go:28.46,30.5 1 0
github.com/grumpyguvner/gomail/internal/commands/test.go:30.10,32.5 1 0
github.com/grumpyguvner/gomail/internal/commands/test.go:35.4,36.46 2 0
github.com/grumpyguvner/gomail/internal/commands/test.go:36.46,38.5 1 0
github.com/grumpyguvner/gomail/internal/commands/test.go:38.10,40.5 1 0
github.com/grumpyguvner/gomail/internal/commands/test.go:43.4,44.39 2 0
github.com/grumpyguvner/gomail/internal/commands/test.go:44.39,46.5 1 0
github.com/grumpyguvner/gomail/internal/commands/test.go:46.10,48.5 1 0
github.com/grumpyguvner/gomail/internal/commands/test.go:51.4,52.45 2 0
github.com/grumpyguvner/gomail/internal/commands/test.go:52.45,54.5 1 0
github.com/grumpyguvner/gomail/internal/commands/test.go:54.10,56.5 1 0
github.com/grumpyguvner/gomail/internal/commands/test.go:58.4,59.14 2 0
github.com/grumpyguvner/gomail/internal/commands/test.go:64.32,66.34 2 0
github.com/grumpyguvner/gomail/internal/commands/test.go:66.34,68.3 1 0
github.com/grumpyguvner/gomail/internal/commands/test.go:69.2,69.12 1 0
github.com/grumpyguvner/gomail/internal/commands/test.go:72.47,75.34 2 0
github.com/grumpyguvner/gomail/internal/commands/test.go:75.34,79.35 3 0
github.com/grumpyguvner/gomail/internal/commands/test.go:79.35,81.4 1 0
github.com/grumpyguvner/gomail/internal/commands/test.go:83.2,83.12 1 0
github.com/grumpyguvner/gomail/internal/commands/test.go:86.25,88.34 2 0
github.com/grumpyguvner/gomail/internal/commands/test.go:88.34,90.3 1 0
github.com/grumpyguvner/gomail/internal/commands/test.go:91.2,91.12 1 0
github.com/grumpyguvner/gomail/internal/commands/test.go:94.46,100.34 3 0
github.com/grumpyguvner/gomail/internal/commands/test.go:100.34,102.35 2 0
github.com/grumpyguvner/gomail/internal/commands/test.go:102.35,104.4 1 0
github.com/grumpyguvner/gomail/internal/commands/test.go:105.8,108.35 2 0
github.com/grumpyguvner/gomail/internal/commands/test.go:108.35,110.4 1 0
github.com/grumpyguvner/gomail/internal/commands/test.go:113.2,113.12 1 0
github.com/grumpyguvner/gomail/internal/config/config.go:36.30,65.57 21 5
github.com/grumpyguvner/gomail/internal/config/config.go:65.57,67.3 1 1
github.com/grumpyguvner/gomail/internal/config/config.go:68.2,68.53 1 5
github.com/grumpyguvner/gomail/internal/config/config.go:68.53,70.3 1 1
github.com/grumpyguvner/gomail/internal/config/config.go:71.2,71.57 1 5
github.com/grumpyguvner/gomail/internal/config/config.go:71.57,73.3 1 1
github.com/grumpyguvner/gomail/internal/config/config.go:74.2,74.60 1 5
github.com/grumpyguvner/gomail/internal/config/config.go:74.60,76.3 1 1
github.com/grumpyguvner/gomail/internal/config/config.go:77.2,77.59 1 5
github.com/grumpyguvner/gomail/internal/config/config.go:77.59,79.3 1 1
github.com/grumpyguvner/gomail/internal/config/config.go:82.2,83.31 2 5
github.com/grumpyguvner/gomail/internal/config/config.go:83.31,84.23 1 1
github.com/grumpyguvner/gomail/internal/config/config.go:84.23,87.4 1 0
github.com/grumpyguvner/gomail/internal/config/config.go:87.9,94.4 5 1
github.com/grumpyguvner/gomail/internal/config/config.go:96.3,96.46 1 1
github.com/grumpyguvner/gomail/internal/config/config.go:96.46,98.57 1 0
github.com/grumpyguvner/gomail/internal/config/config.go:98.57,100.30 1 0
github.com/grumpyguvner/gomail/internal/config/config.go:100.30,102.6 1 0
github.com/grumpyguvner/gomail/internal/config/config.go:108.2,108.45 1 5
github.com/grumpyguvner/gomail/internal/config/config.go:108.45,110.3 1 0
github.com/grumpyguvner/gomail/internal/config/config.go:113.2,113.39 1 5
github.com/grumpyguvner/gomail/internal/config/config.go:113.39,115.3 1 1
github.com/grumpyguvner/gomail/internal/config/config.go:117.2,117.17 1 4
github.com/grumpyguvner/gomail/internal/config/config.go:120.35,121.34 1 13
github.com/grumpyguvner/gomail/internal/config/config.go:121.34,123.3 1 4
github.com/grumpyguvner/gomail/internal/config/config.go:125.2,125.46 1 9
github.com/grumpyguvner/gomail/internal/config/config.go:125.46,127.3 1 1
github.com/grumpyguvner/gomail/internal/config/config.go:129.2,129.21 1 8
github.com/grumpyguvner/gomail/internal/config/config.go:129.21,131.3 1 1
github.com/grumpyguvner/gomail/internal/config/config.go:133.2,133.12 1 7
github.com/grumpyguvner/gomail/internal/config/config.go:136.42,139.47 2 3
github.com/grumpyguvner/gomail/internal/config/config.go:139.47,141.3 1 0
github.com/grumpyguvner/gomail/internal/config/config.go:144.2,145.16 2 3
github.com/grumpyguvner/gomail/internal/config/config.go:145.16,147.3 1 0
github.com/grumpyguvner/gomail/internal/config/config.go:150.2,150.55 1 3
github.com/grumpyguvner/gomail/internal/config/config.go:150.55,152.3 1 0
github.com/grumpyguvner/gomail/internal/config/config.go:154.2,154.12 1 3
github.com/grumpyguvner/gomail/internal/config/config.go:157.49,159.16 2 4
github.com/grumpyguvner/gomail/internal/config/config.go:159.16,161.3 1 1
github.com/grumpyguvner/gomail/internal/config/config.go:163.2,164.51 2 3
github.com/grumpyguvner/gomail/internal/config/config.go:164.51,166.3 1 1
github.com/grumpyguvner/gomail/internal/config/config.go:168.2,168.39 1 2
github.com/grumpyguvner/gomail/internal/config/config.go:168.39,170.3 1 1
github.com/grumpyguvner/gomail/internal/config/config.go:172.2,172.18 1 1
github.com/grumpyguvner/gomail/internal/api/server.go:40.53,43.16 2 11
github.com/grumpyguvner/gomail/internal/api/server.go:43.16,45.3 1 0
github.com/grumpyguvner/gomail/internal/api/server.go:47.2,74.15 9 11
github.com/grumpyguvner/gomail/internal/api/server.go:77.51,80.23 2 1
github.com/grumpyguvner/gomail/internal/api/server.go:81.16,83.37 1 0
github.com/grumpyguvner/gomail/internal/api/server.go:83.37,86.18 2 0
github.com/grumpyguvner/gomail/internal/api/server.go:86.18,88.5 1 0
github.com/grumpyguvner/gomail/internal/api/server.go:89.9,92.18 2 0
github.com/grumpyguvner/gomail/internal/api/server.go:92.18,94.5 1 0
github.com/grumpyguvner/gomail/internal/api/server.go:96.10,99.17 2 1
github.com/grumpyguvner/gomail/internal/api/server.go:99.17,101.4 1 0
github.com/grumpyguvner/gomail/internal/api/server.go:105.2,105.12 1 1
github.com/grumpyguvner/gomail/internal/api/server.go:105.12,106.87 1 1
github.com/grumpyguvner/gomail/internal/api/server.go:106.87,108.4 1 0
github.com/grumpyguvner/gomail/internal/api/server.go:112.2,113.12 2 1
github.com/grumpyguvner/gomail/internal/api/server.go:116.54,118.2 1 1
github.com/grumpyguvner/gomail/internal/api/server.go:120.69,126.2 3 11
github.com/grumpyguvner/gomail/internal/api/server.go:128.70,129.54 1 26
github.com/grumpyguvner/gomail/internal/api/server.go:129.54,131.17 2 4
github.com/grumpyguvner/gomail/internal/api/server.go:131.17,134.4 2 1
github.com/grumpyguvner/gomail/internal/api/server.go:136.3,137.36 2 3
github.com/grumpyguvner/gomail/internal/api/server.go:137.36,140.4 2 2
github.com/grumpyguvner/gomail/internal/api/server.go:142.3,142.13 1 1
github.com/grumpyguvner/gomail/internal/api/server.go:146.76,147.33 1 7
github.com/grumpyguvner/gomail/internal/api/server.go:147.33,150.3 2 1
github.com/grumpyguvner/gomail/internal/api/server.go:153.2,154.16 2 6
github.com/grumpyguvner/gomail/internal/api/server.go:154.16,157.3 2 0
github.com/grumpyguvner/gomail/internal/api/server.go:160.2,166.9 4 6
github.com/grumpyguvner/gomail/internal/api/server.go:167.55,169.61 1 1
github.com/grumpyguvner/gomail/internal/api/server.go:171.57,174.57 2 3
github.com/grumpyguvner/gomail/internal/api/server.go:174.57,177.4 2 2
github.com/grumpyguvner/gomail/internal/api/server.go:178.3,178.38 1 1
github.com/grumpyguvner/gomail/internal/api/server.go:180.10,182.38 1 2
github.com/grumpyguvner/gomail/internal/api/server.go:182.38,184.58 2 1
github.com/grumpyguvner/gomail/internal/api/server.go:184.58,187.5 2 0
github.com/grumpyguvner/gomail/internal/api/server.go:188.4,188.39 1 1
github.com/grumpyguvner/gomail/internal/api/server.go:189.9,191.4 1 1
github.com/grumpyguvner/gomail/internal/api/server.go:194.2,194.16 1 4
github.com/grumpyguvner/gomail/internal/api/server.go:194.16,199.3 4 0
github.com/grumpyguvner/gomail/internal/api/server.go:202.2,202.56 1 4
github.com/grumpyguvner/gomail/internal/api/server.go:202.56,207.3 4 0
github.com/grumpyguvner/gomail/internal/api/server.go:210.2,211.16 2 4
github.com/grumpyguvner/gomail/internal/api/server.go:211.16,216.3 4 0
github.com/grumpyguvner/gomail/internal/api/server.go:219.2,232.60 6 4
github.com/grumpyguvner/gomail/internal/api/server.go:232.60,235.3 2 0
github.com/grumpyguvner/gomail/internal/api/server.go:237.2,242.22 2 4
github.com/grumpyguvner/gomail/internal/api/server.go:245.71,253.60 3 1
github.com/grumpyguvner/gomail/internal/api/server.go:253.60,255.3 1 0
github.com/grumpyguvner/gomail/internal/api/server.go:258.72,260.75 2 1
github.com/grumpyguvner/gomail/internal/api/server.go:260.75,262.3 1 1
github.com/grumpyguvner/gomail/internal/api/server.go:264.2,273.60 3 1
github.com/grumpyguvner/gomail/internal/api/server.go:273.60,275.3 1 0
github.com/grumpyguvner/gomail/internal/api/server.go:278.67,282.36 2 7
github.com/grumpyguvner/gomail/internal/api/server.go:282.36,283.63 1 15
github.com/grumpyguvner/gomail/internal/api/server.go:283.63,285.4 1 3
github.com/grumpyguvner/gomail/internal/api/server.go:288.2,288.16 1 7
github.com/grumpyguvner/gomail/internal/logging/logger.go:12.13,14.2 1 1
github.com/grumpyguvner/gomail/internal/logging/logger.go:16.30,19.27 2 7
github.com/grumpyguvner/gomail/internal/logging/logger.go:19.27,22.3 2 1
github.com/grumpyguvner/gomail/internal/logging/logger.go:22.8,28.3 5 6
github.com/grumpyguvner/gomail/internal/logging/logger.go:30.2,33.58 3 7
github.com/grumpyguvner/gomail/internal/logging/logger.go:33.58,36.3 2 1
github.com/grumpyguvner/gomail/internal/logging/logger.go:38.2,39.20 2 7
github.com/grumpyguvner/gomail/internal/logging/logger.go:39.20,41.63 2 2
github.com/grumpyguvner/gomail/internal/logging/logger.go:41.63,43.4 1 1
github.com/grumpyguvner/gomail/internal/logging/logger.go:46.2,47.16 2 7
github.com/grumpyguvner/gomail/internal/logging/logger.go:47.16,48.13 1 0
github.com/grumpyguvner/gomail/internal/logging/logger.go:51.2,51.20 1 7
github.com/grumpyguvner/gomail/internal/logging/logger.go:54.31,56.2 1 1
github.com/grumpyguvner/gomail/internal/logging/logger.go:58.51,60.2 1 1
github.com/grumpyguvner/gomail/internal/logging/logger.go:62.57,64.2 1 1
github.com/grumpyguvner/gomail/internal/logging/logger.go:66.13,67.19 1 1
github.com/grumpyguvner/gomail/internal/logging/logger.go:67.19,69.3 1 1
github.com/grumpyguvner/gomail/internal/mail/parser.go:53.88,56.16 2 9
github.com/grumpyguvner/gomail/internal/mail/parser.go:56.16,58.3 1 2
github.com/grumpyguvner/gomail/internal/mail/parser.go:60.2,71.68 5 7
github.com/grumpyguvner/gomail/internal/mail/parser.go:71.68,73.3 1 7
github.com/grumpyguvner/gomail/internal/mail/parser.go:73.8,75.3 1 0
github.com/grumpyguvner/gomail/internal/mail/parser.go:77.2,77.38 1 7
github.com/grumpyguvner/gomail/internal/mail/parser.go:77.38,78.53 1 7
github.com/grumpyguvner/gomail/internal/mail/parser.go:78.53,80.4 1 7
github.com/grumpyguvner/gomail/internal/mail/parser.go:80.9,82.4 1 0
github.com/grumpyguvner/gomail/internal/mail/parser.go:86.2,96.62 3 7
github.com/grumpyguvner/gomail/internal/mail/parser.go:96.62,98.3 1 1
github.com/grumpyguvner/gomail/internal/mail/parser.go:99.2,99.71 1 7
github.com/grumpyguvner/gomail/internal/mail/parser.go:99.71,101.3 1 1
github.com/grumpyguvner/gomail/internal/mail/parser.go:103.2,103.18 1 7
github.com/grumpyguvner/gomail/internal/mail/parser.go:106.110,128.2 5 7
github.com/grumpyguvner/gomail/internal/mail/parser.go:130.59,137.47 2 11
github.com/grumpyguvner/gomail/internal/mail/parser.go:137.47,144.53 4 4
github.com/grumpyguvner/gomail/internal/mail/parser.go:144.53,146.4 1 4
github.com/grumpyguvner/gomail/internal/mail/parser.go:150.2,150.44 1 11
github.com/grumpyguvner/gomail/internal/mail/parser.go:150.44,151.55 1 11
github.com/grumpyguvner/gomail/internal/mail/parser.go:151.55,153.23 2 11
github.com/grumpyguvner/gomail/internal/mail/parser.go:153.23,155.5 1 11
github.com/grumpyguvner/gomail/internal/mail/parser.go:159.2,159.13 1 11
github.com/grumpyguvner/gomail/internal/mail/parser.go:162.55,164.15 2 9
github.com/grumpyguvner/gomail/internal/mail/parser.go:164.15,166.3 1 1
github.com/grumpyguvner/gomail/internal/mail/parser.go:168.2,170.15 3 8
github.com/grumpyguvner/gomail/internal/mail/parser.go:170.15,172.3 1 2
github.com/grumpyguvner/gomail/internal/mail/parser.go:173.2,173.56 1 6
github.com/grumpyguvner/gomail/internal/mail/parser.go:176.55,182.42 2 4
github.com/grumpyguvner/gomail/internal/mail/parser.go:182.42,184.3 1 3
github.com/grumpyguvner/gomail/internal/mail/parser.go:185.2,185.45 1 4
github.com/grumpyguvner/gomail/internal/mail/parser.go:185.45,187.3 1 1
github.com/grumpyguvner/gomail/internal/mail/parser.go:188.2,188.39 1 4
github.com/grumpyguvner/gomail/internal/mail/parser.go:188.39,190.3 1 2
github.com/grumpyguvner/gomail/internal/mail/parser.go:191.2,191.43 1 4
github.com/grumpyguvner/gomail/internal/mail/parser.go:191.43,193.3 1 1
github.com/grumpyguvner/gomail/internal/mail/parser.go:196.2,196.65 1 4
github.com/grumpyguvner/gomail/internal/mail/parser.go:196.65,197.51 1 1
github.com/grumpyguvner/gomail/internal/mail/parser.go:197.51,199.4 1 1
github.com/grumpyguvner/gomail/internal/mail/parser.go:200.3,200.52 1 1
github.com/grumpyguvner/gomail/internal/mail/parser.go:200.52,202.4 1 1
github.com/grumpyguvner/gomail/internal/mail/parser.go:203.3,203.48 1 1
github.com/grumpyguvner/gomail/internal/mail/parser.go:203.48,205.4 1 1
github.com/grumpyguvner/gomail/internal/mail/parser.go:209.2,209.21 1 4
github.com/grumpyguvner/gomail/internal/mail/parser.go:209.21,210.63 1 2
github.com/grumpyguvner/gomail/internal/mail/parser.go:210.63,212.27 2 1
github.com/grumpyguvner/gomail/internal/mail/parser.go:212.27,214.5 1 1
github.com/grumpyguvner/gomail/internal/mail/parser.go:215.4,215.29 1 1
github.com/grumpyguvner/gomail/internal/mail/parser.go:215.29,217.5 1 1
github.com/grumpyguvner/gomail/internal/mail/parser.go:221.2,221.14 1 4
github.com/grumpyguvner/gomail/internal/mail/parser.go:224.62,229.6 4 4
github.com/grumpyguvner/gomail/internal/mail/parser.go:229.6,231.17 2 13
github.com/grumpyguvner/gomail/internal/mail/parser.go:231.17,232.9 1 0
github.com/grumpyguvner/gomail/internal/mail/parser.go:236.3,236.37 1 13
github.com/grumpyguvner/gomail/internal/mail/parser.go:236.37,237.24 1 4
github.com/grumpyguvner/gomail/internal/mail/parser.go:237.24,239.5 1 3
github.com/grumpyguvner/gomail/internal/mail/parser.go:240.4,240.9 1 4
github.com/grumpyguvner/gomail/internal/mail/parser.go:244.3,244.59 1 9
github.com/grumpyguvner/gomail/internal/mail/parser.go:244.59,246.12 2 1
github.com/grumpyguvner/gomail/internal/mail/parser.go:250.3,250.23 1 8
github.com/grumpyguvner/gomail/internal/mail/parser.go:250.23,252.4 1 5
github.com/grumpyguvner/gomail/internal/mail/parser.go:255.3,256.14 2 8
github.com/grumpyguvner/gomail/internal/mail/parser.go:256.14,260.4 3 8
github.com/grumpyguvner/gomail/internal/mail/parser.go:263.2,263.21 1 4
github.com/grumpyguvner/gomail/internal/postfix/installer.go:16.50,18.2 1 0
github.com/grumpyguvner/gomail/internal/postfix/installer.go:20.37,22.44 1 0
github.com/grumpyguvner/gomail/internal/postfix/installer.go:22.44,24.3 1 0
github.com/grumpyguvner/gomail/internal/postfix/installer.go:27.2,27.45 1 0
github.com/grumpyguvner/gomail/internal/postfix/installer.go:27.45,29.3 1 0
github.com/grumpyguvner/gomail/internal/postfix/installer.go:32.2,32.45 1 0
github.com/grumpyguvner/gomail/internal/postfix/installer.go:32.45,34.3 1 0
github.com/grumpyguvner/gomail/internal/postfix/installer.go:37.2,37.46 1 0
github.com/grumpyguvner/gomail/internal/postfix/installer.go:37.46,39.3 1 0
github.com/grumpyguvner/gomail/internal/postfix/installer.go:42.2,42.42 1 0
github.com/grumpyguvner/gomail/internal/postfix/installer.go:42.42,44.3 1 0
github.com/grumpyguvner/gomail/internal/postfix/installer.go:46.2,46.12 1 0
github.com/grumpyguvner/gomail/internal/postfix/installer.go:49.45,52.34 2 0
github.com/grumpyguvner/gomail/internal/postfix/installer.go:52.34,54.3 1 0
github.com/grumpyguvner/gomail/internal/postfix/installer.go:57.2,60.18 4 0
github.com/grumpyguvner/gomail/internal/postfix/installer.go:63.46,67.49 3 0
github.com/grumpyguvner/gomail/internal/postfix/installer.go:67.49,70.3 1 0
github.com/grumpyguvner/gomail/internal/postfix/installer.go:73.2,92.35 2 0
github.com/grumpyguvner/gomail/internal/postfix/installer.go:92.35,94.35 2 0
github.com/grumpyguvner/gomail/internal/postfix/installer.go:94.35,96.4 1 0
github.com/grumpyguvner/gomail/internal/postfix/installer.go:101.2,104.103 2 0
github.com/grumpyguvner/gomail/internal/postfix/installer.go:104.103,106.3 1 0
github.com/grumpyguvner/gomail/internal/postfix/installer.go:109.2,109.109 1 0
github.com/grumpyguvner/gomail/internal/postfix/installer.go:109.109,111.3 1 0
github.com/grumpyguvner/gomail/internal/postfix/installer.go:113.2,113.12 1 0
github.com/grumpyguvner/gomail/internal/postfix/installer.go:116.43,121.74 2 0
github.com/grumpyguvner/gomail/internal/postfix/installer.go:121.74,122.61 1 0
github.com/grumpyguvner/gomail/internal/postfix/installer.go:122.61,124.55 2 0
github.com/grumpyguvner/gomail/internal/postfix/installer.go:124.55,126.5 1 0
github.com/grumpyguvner/gomail/internal/postfix/installer.go:131.2,132.28 2 0
github.com/grumpyguvner/gomail/internal/postfix/installer.go:132.28,133.34 1 0
github.com/grumpyguvner/gomail/internal/postfix/installer.go:133.34,135.9 2 0
github.com/grumpyguvner/gomail/internal/postfix/installer.go:139.2,139.12 1 0
github.com/grumpyguvner/gomail/internal/postfix/installer.go:139.12,144.90 3 0
github.com/grumpyguvner/gomail/internal/postfix/installer.go:144.90,146.4 1 0
github.com/grumpyguvner/gomail/internal/postfix/installer.go:149.3,151.35 3 0
github.com/grumpyguvner/gomail/internal/postfix/installer.go:151.35,153.4 1 0
github.com/grumpyguvner/gomail/internal/postfix/installer.go:156.2,156.12 1 0
github.com/grumpyguvner/gomail/internal/postfix/installer.go:159.46,216.78 3 0
github.com/grumpyguvner/gomail/internal/postfix/installer.go:216.78,218.3 1 0
github.com/grumpyguvner/gomail/internal/postfix/installer.go:221.2,222.34 2 0
github.com/grumpyguvner/gomail/internal/postfix/installer.go:222.34,224.3 1 0
github.com/grumpyguvner/gomail/internal/postfix/installer.go:226.2,226.12 1 0
github.com/grumpyguvner/gomail/internal/postfix/installer.go:229.47,235.16 3 0
github.com/grumpyguvner/gomail/internal/postfix/installer.go:235.16,237.3 1 0
github.com/grumpyguvner/gomail/internal/postfix/installer.go:240.2,240.50 1 0
github.com/grumpyguvner/gomail/internal/postfix/installer.go:240.50,242.74 1 0
github.com/grumpyguvner/gomail/internal/postfix/installer.go:242.74,248.31 4 0
github.com/grumpyguvner/gomail/internal/postfix/installer.go:248.31,249.43 1 0
github.com/grumpyguvner/gomail/internal/postfix/installer.go:249.43,251.14 2 0
github.com/grumpyguvner/gomail/internal/postfix/installer.go:253.5,253.50 1 0
github.com/grumpyguvner/gomail/internal/postfix/installer.go:253.50,254.14 1 0
github.com/grumpyguvner/gomail/internal/postfix/installer.go:256.5,257.38 2 0
github.com/grumpyguvner/gomail/internal/postfix/installer.go:260.4,260.50 1 0
github.com/grumpyguvner/gomail/internal/postfix/installer.go:261.9,263.4 1 0
github.com/grumpyguvner/gomail/internal/postfix/installer.go:267.2,274.102 2 0
github.com/grumpyguvner/gomail/internal/postfix/installer.go:274.102,276.3 1 0
github.com/grumpyguvner/gomail/internal/postfix/installer.go:278.2,278.12 1 0
github.com/grumpyguvner/gomail/internal/postfix/installer.go:281.43,284.34 2 0
github.com/grumpyguvner/gomail/internal/postfix/installer.go:284.34,286.3 1 0
github.com/grumpyguvner/gomail/internal/postfix/installer.go:289.2,290.34 2 0
github.com/grumpyguvner/gomail/internal/postfix/installer.go:290.34,292.3 1 0
github.com/grumpyguvner/gomail/internal/postfix/installer.go:294.2,294.12 1 0
github.com/grumpyguvner/gomail/internal/postfix/manager.go:17.58,19.2 1 0
github.com/grumpyguvner/gomail/internal/postfix/manager.go:21.56,24.16 2 0
github.com/grumpyguvner/gomail/internal/postfix/manager.go:24.16,26.3 1 0
github.com/grumpyguvner/gomail/internal/postfix/manager.go:29.2,29.28 1 0
github.com/grumpyguvner/gomail/internal/postfix/manager.go:29.28,30.18 1 0
github.com/grumpyguvner/gomail/internal/postfix/manager.go:30.18,32.4 1 0
github.com/grumpyguvner/gomail/internal/postfix/manager.go:36.2,37.16 2 0
github.com/grumpyguvner/gomail/internal/postfix/manager.go:37.16,39.3 1 0
github.com/grumpyguvner/gomail/internal/postfix/manager.go:40.2,42.59 2 0
github.com/grumpyguvner/gomail/internal/postfix/manager.go:42.59,44.3 1 0
github.com/grumpyguvner/gomail/internal/postfix/manager.go:47.2,51.34 4 0
github.com/grumpyguvner/gomail/internal/postfix/manager.go:51.34,53.3 1 0
github.com/grumpyguvner/gomail/internal/postfix/manager.go:55.2,55.12 1 0
github.com/grumpyguvner/gomail/internal/postfix/manager.go:58.59,61.16 2 0
github.com/grumpyguvner/gomail/internal/postfix/manager.go:61.16,63.3 1 0
github.com/grumpyguvner/gomail/internal/postfix/manager.go:66.2,68.28 3 0
github.com/grumpyguvner/gomail/internal/postfix/manager.go:68.28,69.18 1 0
github.com/grumpyguvner/gomail/internal/postfix/manager.go:69.18,71.4 1 0
github.com/grumpyguvner/gomail/internal/postfix/manager.go:71.9,73.4 1 0
github.com/grumpyguvner/gomail/internal/postfix/manager.go:76.2,76.12 1 0
github.com/grumpyguvner/gomail/internal/postfix/manager.go:76.12,78.3 1 0
github.com/grumpyguvner/gomail/internal/postfix/manager.go:81.2,82.25 2 0
github.com/grumpyguvner/gomail/internal/postfix/manager.go:82.25,84.3 1 0
github.com/grumpyguvner/gomail/internal/postfix/manager.go:86.2,86.89 1 0
github.com/grumpyguvner/gomail/internal/postfix/manager.go:86.89,88.3 1 0
github.com/grumpyguvner/gomail/internal/postfix/manager.go:91.2,92.22 2 0
github.com/grumpyguvner/gomail/internal/postfix/manager.go:92.22,94.3 1 0
github.com/grumpyguvner/gomail/internal/postfix/manager.go:96.2,97.34 2 0
github.com/grumpyguvner/gomail/internal/postfix/manager.go:97.34,99.3 1 0
github.com/grumpyguvner/gomail/internal/postfix/manager.go:101.2,101.12 1 0
github.com/grumpyguvner/gomail/internal/postfix/manager.go:104.57,108.64 2 0
github.com/grumpyguvner/gomail/internal/postfix/manager.go:108.64,110.17 2 0
github.com/grumpyguvner/gomail/internal/postfix/manager.go:110.17,112.4 1 0
github.com/grumpyguvner/gomail/internal/postfix/manager.go:113.3,116.22 3 0
github.com/grumpyguvner/gomail/internal/postfix/manager.go:116.22,118.55 2 0
github.com/grumpyguvner/gomail/internal/postfix/manager.go:118.55,120.5 1 0
github.com/grumpyguvner/gomail/internal/postfix/manager.go:123.3,123.39 1 0
github.com/grumpyguvner/gomail/internal/postfix/manager.go:123.39,125.4 1 0
github.com/grumpyguvner/gomail/internal/postfix/manager.go:126.8,130.17 3 0
github.com/grumpyguvner/gomail/internal/postfix/manager.go:130.17,132.4 1 0
github.com/grumpyguvner/gomail/internal/postfix/manager.go:135.3,136.60 2 0
github.com/grumpyguvner/gomail/internal/postfix/manager.go:136.60,138.53 2 0
github.com/grumpyguvner/gomail/internal/postfix/manager.go:138.53,140.5 1 0
github.com/grumpyguvner/gomail/internal/postfix/manager.go:144.2,144.21 1 0
github.com/grumpyguvner/gomail/internal/postfix/manager.go:147.47,150.2 2 0
github.com/grumpyguvner/gomail/internal/postfix/manager.go:152.49,155.16 3 0
github.com/grumpyguvner/gomail/internal/postfix/manager.go:155.16,157.3 1 0
github.com/grumpyguvner/gomail/internal/postfix/manager.go:158.2,158.54 1 0
github.com/grumpyguvner/gomail/internal/postfix/manager.go:161.60,164.16 3 0
github.com/grumpyguvner/gomail/internal/postfix/manager.go:164.16,166.47 1 0
github.com/grumpyguvner/gomail/internal/postfix/manager.go:166.47,168.4 1 0
github.com/grumpyguvner/gomail/internal/postfix/manager.go:169.3,169.65 1 0
github.com/grumpyguvner/gomail/internal/postfix/manager.go:171.2,171.28 1 0
github.com/grumpyguvner/gomail/internal/middleware/recovery.go:12.57,13.71 1 4
github.com/grumpyguvner/gomail/internal/middleware/recovery.go:13.71,14.16 1 4
github.com/grumpyguvner/gomail/internal/middleware/recovery.go:14.16,15.36 1 4
github.com/grumpyguvner/gomail/internal/middleware/recovery.go:15.36,23.62 4 3
github.com/grumpyguvner/gomail/internal/middleware/recovery.go:23.62,26.6 2 1
github.com/grumpyguvner/gomail/internal/middleware/recovery.go:26.11,28.72 1 2
github.com/grumpyguvner/gomail/internal/middleware/recovery.go:28.72,29.42 1 1
github.com/grumpyguvner/gomail/internal/middleware/recovery.go:29.42,32.8 2 1
github.com/grumpyguvner/gomail/internal/middleware/recovery.go:36.5,47.23 5 3
github.com/grumpyguvner/gomail/internal/middleware/recovery.go:47.23,49.6 1 2
github.com/grumpyguvner/gomail/internal/middleware/recovery.go:51.5,52.24 2 3
github.com/grumpyguvner/gomail/internal/middleware/recovery.go:52.24,54.6 1 0
github.com/grumpyguvner/gomail/internal/middleware/recovery.go:58.3,58.23 1 4
github.com/grumpyguvner/gomail/internal/middleware/recovery.go:63.106,64.46 1 1
github.com/grumpyguvner/gomail/internal/middleware/recovery.go:64.46,65.72 1 1
github.com/grumpyguvner/gomail/internal/middleware/recovery.go:65.72,66.17 1 1
github.com/grumpyguvner/gomail/internal/middleware/recovery.go:66.17,67.37 1 1
github.com/grumpyguvner/gomail/internal/middleware/recovery.go:67.37,75.26 4 1
github.com/grumpyguvner/gomail/internal/middleware/recovery.go:75.26,77.7 1 0
github.com/grumpyguvner/gomail/internal/middleware/recovery.go:80.6,84.26 4 1
github.com/grumpyguvner/gomail/internal/middleware/recovery.go:84.26,86.7 1 0
github.com/grumpyguvner/gomail/internal/middleware/recovery.go:88.6,89.25 2 1
github.com/grumpyguvner/gomail/internal/middleware/recovery.go:89.25,91.7 1 0
github.com/grumpyguvner/gomail/internal/middleware/recovery.go:95.4,95.24 1 1
github.com/grumpyguvner/gomail/internal/middleware/request_id.go:20.58,21.71 1 3
github.com/grumpyguvner/gomail/internal/middleware/request_id.go:21.71,26.22 2 3
github.com/grumpyguvner/gomail/internal/middleware/request_id.go:26.22,28.4 1 2
github.com/grumpyguvner/gomail/internal/middleware/request_id.go:31.3,37.23 4 3
github.com/grumpyguvner/gomail/internal/middleware/request_id.go:42.33,44.44 2 102
github.com/grumpyguvner/gomail/internal/middleware/request_id.go:44.44,47.3 1 0
github.com/grumpyguvner/gomail/internal/middleware/request_id.go:48.2,48.43 1 102
github.com/grumpyguvner/gomail/internal/middleware/request_id.go:52.47,53.59 1 6
github.com/grumpyguvner/gomail/internal/middleware/request_id.go:53.59,55.3 1 4
github.com/grumpyguvner/gomail/internal/middleware/request_id.go:56.2,56.11 1 2
github.com/grumpyguvner/gomail/internal/middleware/request_id.go:60.54,62.2 1 3
github.com/grumpyguvner/gomail/internal/storage/file.go:19.59,27.27 2 15
github.com/grumpyguvner/gomail/internal/storage/file.go:27.27,28.48 1 43
github.com/grumpyguvner/gomail/internal/storage/file.go:28.48,30.4 1 1
github.com/grumpyguvner/gomail/internal/storage/file.go:33.2,35.8 1 14
github.com/grumpyguvner/gomail/internal/storage/file.go:38.69,46.47 6 19
github.com/grumpyguvner/gomail/internal/storage/file.go:46.47,48.3 1 0
github.com/grumpyguvner/gomail/internal/storage/file.go:51.2,52.50 2 19
github.com/grumpyguvner/gomail/internal/storage/file.go:52.50,54.3 1 0
github.com/grumpyguvner/gomail/internal/storage/file.go:56.2,61.16 4 19
github.com/grumpyguvner/gomail/internal/storage/file.go:61.16,63.3 1 0
github.com/grumpyguvner/gomail/internal/storage/file.go:66.2,66.59 1 19
github.com/grumpyguvner/gomail/internal/storage/file.go:66.59,68.3 1 0
github.com/grumpyguvner/gomail/internal/storage/file.go:70.2,70.22 1 19
github.com/grumpyguvner/gomail/internal/storage/file.go:73.63,81.16 6 3
github.com/grumpyguvner/gomail/internal/storage/file.go:81.16,82.25 1 2
github.com/grumpyguvner/gomail/internal/storage/file.go:82.25,84.4 1 2
github.com/grumpyguvner/gomail/internal/storage/file.go:85.3,85.62 1 0
github.com/grumpyguvner/gomail/internal/storage/file.go:88.2,89.32 2 1
github.com/grumpyguvner/gomail/internal/storage/file.go:89.32,90.62 1 3
github.com/grumpyguvner/gomail/internal/storage/file.go:90.62,92.4 1 3
github.com/grumpyguvner/gomail/internal/storage/file.go:95.2,95.19 1 1
github.com/grumpyguvner/gomail/internal/storage/file.go:98.67,100.16 2 4
github.com/grumpyguvner/gomail/internal/storage/file.go:100.16,102.3 1 1
github.com/grumpyguvner/gomail/internal/storage/file.go:104.2,105.53 2 3
github.com/grumpyguvner/gomail/internal/storage/file.go:105.53,107.3 1 1
github.com/grumpyguvner/gomail/internal/storage/file.go:109.2,109.20 1 2
github.com/grumpyguvner/gomail/internal/storage/file.go:112.63,115.51 2 2
github.com/grumpyguvner/gomail/internal/storage/file.go:115.51,117.3 1 0
github.com/grumpyguvner/gomail/internal/storage/file.go:120.2,120.55 1 2
github.com/grumpyguvner/gomail/internal/storage/file.go:120.55,122.3 1 0
github.com/grumpyguvner/gomail/internal/storage/file.go:124.2,124.12 1 2
github.com/grumpyguvner/gomail/internal/storage/file.go:127.50,128.40 1 2
github.com/grumpyguvner/gomail/internal/storage/file.go:128.40,130.3 1 1
github.com/grumpyguvner/gomail/internal/storage/file.go:131.2,131.12 1 1
github.com/grumpyguvner/gomail/internal/validation/email.go:22.42,30.2 1 7
github.com/grumpyguvner/gomail/internal/validation/email.go:33.69,35.71 1 11
github.com/grumpyguvner/gomail/internal/validation/email.go:35.71,37.3 1 2
github.com/grumpyguvner/gomail/internal/validation/email.go:40.2,40.77 1 9
github.com/grumpyguvner/gomail/internal/validation/email.go:40.77,42.3 1 1
github.com/grumpyguvner/gomail/internal/validation/email.go:45.2,45.77 1 8
github.com/grumpyguvner/gomail/internal/validation/email.go:45.77,47.3 1 1
github.com/grumpyguvner/gomail/internal/validation/email.go:50.2,50.28 1 7
github.com/grumpyguvner/gomail/internal/validation/email.go:50.28,51.75 1 1
github.com/grumpyguvner/gomail/internal/validation/email.go:51.75,53.4 1 1
github.com/grumpyguvner/gomail/internal/validation/email.go:57.2,57.37 1 6
github.com/grumpyguvner/gomail/internal/validation/email.go:57.37,59.3 1 1
github.com/grumpyguvner/gomail/internal/validation/email.go:62.2,62.70 1 5
github.com/grumpyguvner/gomail/internal/validation/email.go:62.70,64.3 1 1
github.com/grumpyguvner/gomail/internal/validation/email.go:67.2,67.69 1 4
github.com/grumpyguvner/gomail/internal/validation/email.go:67.69,69.3 1 1
github.com/grumpyguvner/gomail/internal/validation/email.go:71.2,71.12 1 3
github.com/grumpyguvner/gomail/internal/validation/email.go:75.76,76.19 1 27
github.com/grumpyguvner/gomail/internal/validation/email.go:76.19,78.3 1 3
github.com/grumpyguvner/gomail/internal/validation/email.go:81.2,82.16 2 24
github.com/grumpyguvner/gomail/internal/validation/email.go:82.16,84.38 1 3
github.com/grumpyguvner/gomail/internal/validation/email.go:84.38,86.4 1 2
github.com/grumpyguvner/gomail/internal/validation/email.go:87.3,87.41 1 1
github.com/grumpyguvner/gomail/internal/validation/email.go:91.2,92.21 2 22
github.com/grumpyguvner/gomail/internal/validation/email.go:92.21,94.3 1 0
github.com/grumpyguvner/gomail/internal/validation/email.go:96.2,97.18 2 22
github.com/grumpyguvner/gomail/internal/validation/email.go:97.18,99.3 1 1
github.com/grumpyguvner/gomail/internal/validation/email.go:102.2,102.49 1 21
github.com/grumpyguvner/gomail/internal/validation/email.go:102.49,104.3 1 2
github.com/grumpyguvner/gomail/internal/validation/email.go:106.2,106.12 1 19
github.com/grumpyguvner/gomail/internal/validation/email.go:110.62,112.44 1 30
github.com/grumpyguvner/gomail/internal/validation/email.go:112.44,114.3 1 1
github.com/grumpyguvner/gomail/internal/validation/email.go:117.2,117.23 1 29
github.com/grumpyguvner/gomail/internal/validation/email.go:117.23,119.3 1 2
github.com/grumpyguvner/gomail/internal/validation/email.go:122.2,123.21 2 27
github.com/grumpyguvner/gomail/internal/validation/email.go:123.21,125.3 1 2
github.com/grumpyguvner/gomail/internal/validation/email.go:127.2,127.31 1 25
github.com/grumpyguvner/gomail/internal/validation/email.go:127.31,128.22 1 48
github.com/grumpyguvner/gomail/internal/validation/email.go:128.22,130.4 1 1
github.com/grumpyguvner/gomail/internal/validation/email.go:131.3,131.22 1 47
github.com/grumpyguvner/gomail/internal/validation/email.go:131.22,133.4 1 1
github.com/grumpyguvner/gomail/internal/validation/email.go:134.3,134.69 1 46
github.com/grumpyguvner/gomail/internal/validation/email.go:134.69,136.4 1 2
github.com/grumpyguvner/gomail/internal/validation/email.go:139.2,139.12 1 21
github.com/grumpyguvner/gomail/internal/validation/email.go:143.78,144.43 1 8
github.com/grumpyguvner/gomail/internal/validation/email.go:144.43,145.44 1 1
github.com/grumpyguvner/gomail/internal/validation/email.go:145.44,147.4 1 1
github.com/grumpyguvner/gomail/internal/validation/email.go:148.3,148.47 1 0
github.com/grumpyguvner/gomail/internal/validation/email.go:148.47,150.4 1 0
github.com/grumpyguvner/gomail/internal/validation/email.go:152.2,152.12 1 7
github.com/grumpyguvner/gomail/internal/validation/email.go:156.75,160.32 3 1
github.com/grumpyguvner/gomail/internal/validation/email.go:160.32,162.3 1 1
github.com/grumpyguvner/gomail/internal/validation/email.go:164.2,164.35 1 0
github.com/grumpyguvner/gomail/internal/validation/email.go:164.35,166.3 1 0
github.com/grumpyguvner/gomail/internal/validation/email.go:168.2,168.12 1 0
github.com/grumpyguvner/gomail/internal/validation/email.go:172.38,174.21 2 7
github.com/grumpyguvner/gomail/internal/validation/email.go:174.21,176.3 1 1
github.com/grumpyguvner/gomail/internal/validation/email.go:178.2,179.26 2 6
github.com/grumpyguvner/gomail/internal/validation/email.go:179.26,181.3 1 1
github.com/grumpyguvner/gomail/internal/validation/email.go:183.2,183.40 1 5
github.com/grumpyguvner/gomail/internal/validation/email.go:187.56,188.40 1 1
github.com/grumpyguvner/gomail/internal/validation/email.go:188.40,189.38 1 2
github.com/grumpyguvner/gomail/internal/validation/email.go:189.38,191.4 1 0
github.com/grumpyguvner/gomail/internal/validation/email.go:193.2,193.14 1 1
github.com/grumpyguvner/gomail/internal/validation/email.go:197.57,200.15 2 2
github.com/grumpyguvner/gomail/internal/validation/email.go:200.15,202.3 1 1
github.com/grumpyguvner/gomail/internal/validation/email.go:210.2,210.12 1 1
github.com/grumpyguvner/gomail/internal/validation/email.go:214.65,215.26 1 2
github.com/grumpyguvner/gomail/internal/validation/email.go:215.26,217.3 1 1
github.com/grumpyguvner/gomail/internal/validation/email.go:226.2,226.12 1 1
github.com/grumpyguvner/gomail/internal/validation/email.go:230.67,243.40 3 1
github.com/grumpyguvner/gomail/internal/validation/email.go:243.40,244.39 1 6
github.com/grumpyguvner/gomail/internal/validation/email.go:244.39,247.4 1 3
github.com/grumpyguvner/gomail/internal/validation/email.go:250.2,250.18 1 1
github.com/grumpyguvner/gomail/internal/validation/email.go:254.47,256.26 2 9
github.com/grumpyguvner/gomail/internal/validation/email.go:256.26,258.25 1 118
github.com/grumpyguvner/gomail/internal/validation/email.go:258.25,260.4 1 112
github.com/grumpyguvner/gomail/internal/validation/email.go:262.2,262.43 1 9
