mode: atomic
github.com/grumpyguvner/gomail/cmd/mailserver/main.go:27.13,41.2 10 0
github.com/grumpyguvner/gomail/cmd/mailserver/main.go:43.19,44.19 1 0
github.com/grumpyguvner/gomail/cmd/mailserver/main.go:44.19,46.3 1 0
github.com/grumpyguvner/gomail/cmd/mailserver/main.go:46.8,51.3 4 0
github.com/grumpyguvner/gomail/cmd/mailserver/main.go:53.2,62.45 7 0
github.com/grumpyguvner/gomail/cmd/mailserver/main.go:62.45,63.20 1 0
github.com/grumpyguvner/gomail/cmd/mailserver/main.go:63.20,65.4 1 0
github.com/grumpyguvner/gomail/cmd/mailserver/main.go:69.13,70.42 1 0
github.com/grumpyguvner/gomail/cmd/mailserver/main.go:70.42,73.3 2 0
github.com/grumpyguvner/gomail/cmd/mailserver/quickstart.go:36.13,39.2 2 0
github.com/grumpyguvner/gomail/cmd/mailserver/quickstart.go:41.61,48.23 5 0
github.com/grumpyguvner/gomail/cmd/mailserver/quickstart.go:48.23,50.3 1 0
github.com/grumpyguvner/gomail/cmd/mailserver/quickstart.go:52.2,60.47 7 0
github.com/grumpyguvner/gomail/cmd/mailserver/quickstart.go:60.47,66.17 4 0
github.com/grumpyguvner/gomail/cmd/mailserver/quickstart.go:66.17,67.64 1 0
github.com/grumpyguvner/gomail/cmd/mailserver/quickstart.go:67.64,68.57 1 0
github.com/grumpyguvner/gomail/cmd/mailserver/quickstart.go:68.57,70.6 1 0
github.com/grumpyguvner/gomail/cmd/mailserver/quickstart.go:71.5,71.73 1 0
github.com/grumpyguvner/gomail/cmd/mailserver/quickstart.go:71.73,73.6 1 0
github.com/grumpyguvner/gomail/cmd/mailserver/quickstart.go:74.5,74.80 1 0
github.com/grumpyguvner/gomail/cmd/mailserver/quickstart.go:74.80,76.6 1 0
github.com/grumpyguvner/gomail/cmd/mailserver/quickstart.go:79.8,81.3 1 0
github.com/grumpyguvner/gomail/cmd/mailserver/quickstart.go:84.2,84.19 1 0
github.com/grumpyguvner/gomail/cmd/mailserver/quickstart.go:84.19,86.3 1 0
github.com/grumpyguvner/gomail/cmd/mailserver/quickstart.go:86.8,86.35 1 0
github.com/grumpyguvner/gomail/cmd/mailserver/quickstart.go:86.35,88.3 1 0
github.com/grumpyguvner/gomail/cmd/mailserver/quickstart.go:91.2,91.27 1 0
github.com/grumpyguvner/gomail/cmd/mailserver/quickstart.go:91.27,93.3 1 0
github.com/grumpyguvner/gomail/cmd/mailserver/quickstart.go:95.2,98.20 2 0
github.com/grumpyguvner/gomail/cmd/mailserver/quickstart.go:98.20,100.19 1 0
github.com/grumpyguvner/gomail/cmd/mailserver/quickstart.go:100.19,105.20 4 0
github.com/grumpyguvner/gomail/cmd/mailserver/quickstart.go:105.20,107.23 2 0
github.com/grumpyguvner/gomail/cmd/mailserver/quickstart.go:107.23,110.6 2 0
github.com/grumpyguvner/gomail/cmd/mailserver/quickstart.go:110.11,112.6 1 0
github.com/grumpyguvner/gomail/cmd/mailserver/quickstart.go:117.3,117.20 1 0
github.com/grumpyguvner/gomail/cmd/mailserver/quickstart.go:117.20,123.4 5 0
github.com/grumpyguvner/gomail/cmd/mailserver/quickstart.go:126.3,127.50 2 0
github.com/grumpyguvner/gomail/cmd/mailserver/quickstart.go:127.50,129.4 1 0
github.com/grumpyguvner/gomail/cmd/mailserver/quickstart.go:130.3,130.62 1 0
github.com/grumpyguvner/gomail/cmd/mailserver/quickstart.go:134.2,145.19 2 0
github.com/grumpyguvner/gomail/cmd/mailserver/quickstart.go:145.19,147.3 1 0
github.com/grumpyguvner/gomail/cmd/mailserver/quickstart.go:150.2,153.16 3 0
github.com/grumpyguvner/gomail/cmd/mailserver/quickstart.go:153.16,155.3 1 0
github.com/grumpyguvner/gomail/cmd/mailserver/quickstart.go:157.2,157.67 1 0
github.com/grumpyguvner/gomail/cmd/mailserver/quickstart.go:157.67,159.3 1 0
github.com/grumpyguvner/gomail/cmd/mailserver/quickstart.go:160.2,160.20 1 0
github.com/grumpyguvner/gomail/cmd/mailserver/quickstart.go:160.20,162.3 1 0
github.com/grumpyguvner/gomail/cmd/mailserver/quickstart.go:162.8,164.3 1 0
github.com/grumpyguvner/gomail/cmd/mailserver/quickstart.go:167.2,171.41 5 0
github.com/grumpyguvner/gomail/cmd/mailserver/quickstart.go:171.41,173.3 1 0
github.com/grumpyguvner/gomail/cmd/mailserver/quickstart.go:174.2,181.40 6 0
github.com/grumpyguvner/gomail/cmd/mailserver/quickstart.go:181.40,183.3 1 0
github.com/grumpyguvner/gomail/cmd/mailserver/quickstart.go:184.2,187.19 2 0
github.com/grumpyguvner/gomail/cmd/mailserver/quickstart.go:187.19,192.38 5 0
github.com/grumpyguvner/gomail/cmd/mailserver/quickstart.go:192.38,194.4 1 0
github.com/grumpyguvner/gomail/cmd/mailserver/quickstart.go:194.9,196.4 1 0
github.com/grumpyguvner/gomail/cmd/mailserver/quickstart.go:200.2,225.80 4 0
github.com/grumpyguvner/gomail/cmd/mailserver/quickstart.go:225.80,227.3 1 0
github.com/grumpyguvner/gomail/cmd/mailserver/quickstart.go:230.2,230.71 1 0
github.com/grumpyguvner/gomail/cmd/mailserver/quickstart.go:230.71,231.115 1 0
github.com/grumpyguvner/gomail/cmd/mailserver/quickstart.go:231.115,233.4 1 0
github.com/grumpyguvner/gomail/cmd/mailserver/quickstart.go:237.2,237.62 1 0
github.com/grumpyguvner/gomail/cmd/mailserver/quickstart.go:237.62,239.3 1 0
github.com/grumpyguvner/gomail/cmd/mailserver/quickstart.go:240.2,240.90 1 0
github.com/grumpyguvner/gomail/cmd/mailserver/quickstart.go:240.90,242.3 1 0
github.com/grumpyguvner/gomail/cmd/mailserver/quickstart.go:245.2,245.73 1 0
github.com/grumpyguvner/gomail/cmd/mailserver/quickstart.go:245.73,248.3 1 0
github.com/grumpyguvner/gomail/cmd/mailserver/quickstart.go:249.2,249.76 1 0
github.com/grumpyguvner/gomail/cmd/mailserver/quickstart.go:249.76,252.3 1 0
github.com/grumpyguvner/gomail/cmd/mailserver/quickstart.go:253.2,253.75 1 0
github.com/grumpyguvner/gomail/cmd/mailserver/quickstart.go:253.75,255.3 1 0
github.com/grumpyguvner/gomail/cmd/mailserver/quickstart.go:256.2,265.20 8 0
github.com/grumpyguvner/gomail/cmd/mailserver/quickstart.go:265.20,267.3 1 0
github.com/grumpyguvner/gomail/cmd/mailserver/quickstart.go:268.2,270.19 3 0
github.com/grumpyguvner/gomail/cmd/mailserver/quickstart.go:270.19,272.3 1 0
github.com/grumpyguvner/gomail/cmd/mailserver/quickstart.go:273.2,275.19 3 0
github.com/grumpyguvner/gomail/cmd/mailserver/quickstart.go:275.19,277.3 1 0
github.com/grumpyguvner/gomail/cmd/mailserver/quickstart.go:277.8,279.3 1 0
github.com/grumpyguvner/gomail/cmd/mailserver/quickstart.go:280.2,282.20 3 0
github.com/grumpyguvner/gomail/cmd/mailserver/quickstart.go:282.20,285.3 2 0
github.com/grumpyguvner/gomail/cmd/mailserver/quickstart.go:287.2,287.12 1 0
github.com/grumpyguvner/gomail/internal/api/server.go:37.53,40.16 2 0
github.com/grumpyguvner/gomail/internal/api/server.go:40.16,42.3 1 0
github.com/grumpyguvner/gomail/internal/api/server.go:44.2,67.15 8 0
github.com/grumpyguvner/gomail/internal/api/server.go:70.51,73.23 2 0
github.com/grumpyguvner/gomail/internal/api/server.go:74.16,76.37 1 0
github.com/grumpyguvner/gomail/internal/api/server.go:76.37,79.18 2 0
github.com/grumpyguvner/gomail/internal/api/server.go:79.18,81.5 1 0
github.com/grumpyguvner/gomail/internal/api/server.go:82.9,85.18 2 0
github.com/grumpyguvner/gomail/internal/api/server.go:85.18,87.5 1 0
github.com/grumpyguvner/gomail/internal/api/server.go:89.10,92.17 2 0
github.com/grumpyguvner/gomail/internal/api/server.go:92.17,94.4 1 0
github.com/grumpyguvner/gomail/internal/api/server.go:98.2,98.12 1 0
github.com/grumpyguvner/gomail/internal/api/server.go:98.12,99.87 1 0
github.com/grumpyguvner/gomail/internal/api/server.go:99.87,101.4 1 0
github.com/grumpyguvner/gomail/internal/api/server.go:105.2,106.12 2 0
github.com/grumpyguvner/gomail/internal/api/server.go:109.54,111.2 1 0
github.com/grumpyguvner/gomail/internal/api/server.go:113.70,114.54 1 0
github.com/grumpyguvner/gomail/internal/api/server.go:114.54,116.17 2 0
github.com/grumpyguvner/gomail/internal/api/server.go:116.17,119.4 2 0
github.com/grumpyguvner/gomail/internal/api/server.go:121.3,122.36 2 0
github.com/grumpyguvner/gomail/internal/api/server.go:122.36,125.4 2 0
github.com/grumpyguvner/gomail/internal/api/server.go:127.3,127.13 1 0
github.com/grumpyguvner/gomail/internal/api/server.go:131.76,132.33 1 0
github.com/grumpyguvner/gomail/internal/api/server.go:132.33,135.3 2 0
github.com/grumpyguvner/gomail/internal/api/server.go:138.2,139.16 2 0
github.com/grumpyguvner/gomail/internal/api/server.go:139.16,142.3 2 0
github.com/grumpyguvner/gomail/internal/api/server.go:145.2,148.9 3 0
github.com/grumpyguvner/gomail/internal/api/server.go:149.55,151.82 1 0
github.com/grumpyguvner/gomail/internal/api/server.go:153.57,156.57 2 0
github.com/grumpyguvner/gomail/internal/api/server.go:156.57,159.4 2 0
github.com/grumpyguvner/gomail/internal/api/server.go:160.3,160.38 1 0
github.com/grumpyguvner/gomail/internal/api/server.go:162.10,164.21 1 0
github.com/grumpyguvner/gomail/internal/api/server.go:164.21,166.58 2 0
github.com/grumpyguvner/gomail/internal/api/server.go:166.58,169.5 2 0
github.com/grumpyguvner/gomail/internal/api/server.go:170.4,170.39 1 0
github.com/grumpyguvner/gomail/internal/api/server.go:171.9,173.4 1 0
github.com/grumpyguvner/gomail/internal/api/server.go:176.2,176.16 1 0
github.com/grumpyguvner/gomail/internal/api/server.go:176.16,180.3 3 0
github.com/grumpyguvner/gomail/internal/api/server.go:183.2,184.16 2 0
github.com/grumpyguvner/gomail/internal/api/server.go:184.16,188.3 3 0
github.com/grumpyguvner/gomail/internal/api/server.go:191.2,204.60 6 0
github.com/grumpyguvner/gomail/internal/api/server.go:204.60,206.3 1 0
github.com/grumpyguvner/gomail/internal/api/server.go:208.2,209.62 1 0
github.com/grumpyguvner/gomail/internal/api/server.go:212.71,220.60 3 0
github.com/grumpyguvner/gomail/internal/api/server.go:220.60,222.3 1 0
github.com/grumpyguvner/gomail/internal/api/server.go:225.72,227.75 2 0
github.com/grumpyguvner/gomail/internal/api/server.go:227.75,229.3 1 0
github.com/grumpyguvner/gomail/internal/api/server.go:231.2,240.60 3 0
github.com/grumpyguvner/gomail/internal/api/server.go:240.60,242.3 1 0
github.com/grumpyguvner/gomail/internal/api/server.go:245.67,249.36 2 0
github.com/grumpyguvner/gomail/internal/api/server.go:249.36,250.63 1 0
github.com/grumpyguvner/gomail/internal/api/server.go:250.63,252.4 1 0
github.com/grumpyguvner/gomail/internal/api/server.go:255.2,255.16 1 0
github.com/grumpyguvner/gomail/internal/config/config.go:36.30,55.57 13 0
github.com/grumpyguvner/gomail/internal/config/config.go:55.57,57.3 1 0
github.com/grumpyguvner/gomail/internal/config/config.go:58.2,58.53 1 0
github.com/grumpyguvner/gomail/internal/config/config.go:58.53,60.3 1 0
github.com/grumpyguvner/gomail/internal/config/config.go:61.2,61.57 1 0
github.com/grumpyguvner/gomail/internal/config/config.go:61.57,63.3 1 0
github.com/grumpyguvner/gomail/internal/config/config.go:64.2,64.60 1 0
github.com/grumpyguvner/gomail/internal/config/config.go:64.60,66.3 1 0
github.com/grumpyguvner/gomail/internal/config/config.go:67.2,67.59 1 0
github.com/grumpyguvner/gomail/internal/config/config.go:67.59,69.3 1 0
github.com/grumpyguvner/gomail/internal/config/config.go:72.2,73.51 2 0
github.com/grumpyguvner/gomail/internal/config/config.go:73.51,80.46 6 0
github.com/grumpyguvner/gomail/internal/config/config.go:80.46,82.57 1 0
github.com/grumpyguvner/gomail/internal/config/config.go:82.57,84.30 1 0
github.com/grumpyguvner/gomail/internal/config/config.go:84.30,86.6 1 0
github.com/grumpyguvner/gomail/internal/config/config.go:92.2,92.45 1 0
github.com/grumpyguvner/gomail/internal/config/config.go:92.45,94.3 1 0
github.com/grumpyguvner/gomail/internal/config/config.go:97.2,97.39 1 0
github.com/grumpyguvner/gomail/internal/config/config.go:97.39,99.3 1 0
github.com/grumpyguvner/gomail/internal/config/config.go:101.2,101.17 1 0
github.com/grumpyguvner/gomail/internal/config/config.go:104.35,105.34 1 0
github.com/grumpyguvner/gomail/internal/config/config.go:105.34,107.3 1 0
github.com/grumpyguvner/gomail/internal/config/config.go:109.2,109.46 1 0
github.com/grumpyguvner/gomail/internal/config/config.go:109.46,111.3 1 0
github.com/grumpyguvner/gomail/internal/config/config.go:113.2,113.21 1 0
github.com/grumpyguvner/gomail/internal/config/config.go:113.21,115.3 1 0
github.com/grumpyguvner/gomail/internal/config/config.go:117.2,117.12 1 0
github.com/grumpyguvner/gomail/internal/config/config.go:120.42,123.47 2 0
github.com/grumpyguvner/gomail/internal/config/config.go:123.47,125.3 1 0
github.com/grumpyguvner/gomail/internal/config/config.go:128.2,129.16 2 0
github.com/grumpyguvner/gomail/internal/config/config.go:129.16,131.3 1 0
github.com/grumpyguvner/gomail/internal/config/config.go:134.2,134.55 1 0
github.com/grumpyguvner/gomail/internal/config/config.go:134.55,136.3 1 0
github.com/grumpyguvner/gomail/internal/config/config.go:138.2,138.12 1 0
github.com/grumpyguvner/gomail/internal/config/config.go:141.49,143.16 2 0
github.com/grumpyguvner/gomail/internal/config/config.go:143.16,145.3 1 0
github.com/grumpyguvner/gomail/internal/config/config.go:147.2,148.51 2 0
github.com/grumpyguvner/gomail/internal/config/config.go:148.51,150.3 1 0
github.com/grumpyguvner/gomail/internal/config/config.go:152.2,152.39 1 0
github.com/grumpyguvner/gomail/internal/config/config.go:152.39,154.3 1 0
github.com/grumpyguvner/gomail/internal/config/config.go:156.2,156.18 1 0
github.com/grumpyguvner/gomail/internal/commands/config.go:16.40,28.2 5 0
github.com/grumpyguvner/gomail/internal/commands/config.go:30.44,36.55 2 0
github.com/grumpyguvner/gomail/internal/commands/config.go:36.55,38.18 2 0
github.com/grumpyguvner/gomail/internal/commands/config.go:38.18,40.5 1 0
github.com/grumpyguvner/gomail/internal/commands/config.go:43.4,44.20 2 0
github.com/grumpyguvner/gomail/internal/commands/config.go:44.20,45.37 1 0
github.com/grumpyguvner/gomail/internal/commands/config.go:45.37,47.6 1 0
github.com/grumpyguvner/gomail/internal/commands/config.go:48.5,48.36 1 0
github.com/grumpyguvner/gomail/internal/commands/config.go:48.36,50.6 1 0
github.com/grumpyguvner/gomail/internal/commands/config.go:54.4,55.18 2 0
github.com/grumpyguvner/gomail/internal/commands/config.go:55.18,57.5 1 0
github.com/grumpyguvner/gomail/internal/commands/config.go:59.4,60.14 2 0
github.com/grumpyguvner/gomail/internal/commands/config.go:64.2,66.12 2 0
github.com/grumpyguvner/gomail/internal/commands/config.go:69.43,74.55 1 0
github.com/grumpyguvner/gomail/internal/commands/config.go:74.55,83.24 5 0
github.com/grumpyguvner/gomail/internal/commands/config.go:83.24,85.5 1 0
github.com/grumpyguvner/gomail/internal/commands/config.go:88.4,88.63 1 0
github.com/grumpyguvner/gomail/internal/commands/config.go:88.63,90.5 1 0
github.com/grumpyguvner/gomail/internal/commands/config.go:93.4,93.58 1 0
github.com/grumpyguvner/gomail/internal/commands/config.go:93.58,95.5 1 0
github.com/grumpyguvner/gomail/internal/commands/config.go:97.4,101.71 3 0
github.com/grumpyguvner/gomail/internal/commands/config.go:101.71,105.5 3 0
github.com/grumpyguvner/gomail/internal/commands/config.go:107.4,107.14 1 0
github.com/grumpyguvner/gomail/internal/commands/config.go:112.48,116.55 1 0
github.com/grumpyguvner/gomail/internal/commands/config.go:116.55,123.18 5 0
github.com/grumpyguvner/gomail/internal/commands/config.go:123.18,125.5 1 0
github.com/grumpyguvner/gomail/internal/commands/config.go:125.10,127.5 1 0
github.com/grumpyguvner/gomail/internal/commands/config.go:130.4,144.47 3 0
github.com/grumpyguvner/gomail/internal/commands/config.go:144.47,146.5 1 0
github.com/grumpyguvner/gomail/internal/commands/config.go:148.4,154.14 6 0
github.com/grumpyguvner/gomail/internal/commands/dns.go:9.37,20.2 4 0
github.com/grumpyguvner/gomail/internal/commands/dns.go:22.42,27.55 1 0
github.com/grumpyguvner/gomail/internal/commands/dns.go:27.55,41.4 4 0
github.com/grumpyguvner/gomail/internal/commands/dns.go:45.42,50.55 1 0
github.com/grumpyguvner/gomail/internal/commands/dns.go:50.55,65.4 4 0
github.com/grumpyguvner/gomail/internal/commands/domain.go:13.40,26.2 6 0
github.com/grumpyguvner/gomail/internal/commands/domain.go:28.43,35.55 2 0
github.com/grumpyguvner/gomail/internal/commands/domain.go:35.55,37.25 1 0
github.com/grumpyguvner/gomail/internal/commands/domain.go:37.25,39.5 1 0
github.com/grumpyguvner/gomail/internal/commands/domain.go:41.4,45.18 3 0
github.com/grumpyguvner/gomail/internal/commands/domain.go:45.18,47.5 1 0
github.com/grumpyguvner/gomail/internal/commands/domain.go:50.4,51.52 2 0
github.com/grumpyguvner/gomail/internal/commands/domain.go:51.52,53.5 1 0
github.com/grumpyguvner/gomail/internal/commands/domain.go:55.4,58.44 2 0
github.com/grumpyguvner/gomail/internal/commands/domain.go:58.44,62.5 2 0
github.com/grumpyguvner/gomail/internal/commands/domain.go:65.4,65.50 1 0
github.com/grumpyguvner/gomail/internal/commands/domain.go:65.50,68.5 2 0
github.com/grumpyguvner/gomail/internal/commands/domain.go:68.10,70.5 1 0
github.com/grumpyguvner/gomail/internal/commands/domain.go:72.4,74.21 2 0
github.com/grumpyguvner/gomail/internal/commands/domain.go:74.21,78.5 3 0
github.com/grumpyguvner/gomail/internal/commands/domain.go:80.4,80.14 1 0
github.com/grumpyguvner/gomail/internal/commands/domain.go:84.2,86.12 2 0
github.com/grumpyguvner/gomail/internal/commands/domain.go:89.46,94.55 1 0
github.com/grumpyguvner/gomail/internal/commands/domain.go:94.55,96.25 1 0
github.com/grumpyguvner/gomail/internal/commands/domain.go:96.25,98.5 1 0
github.com/grumpyguvner/gomail/internal/commands/domain.go:100.4,104.18 3 0
github.com/grumpyguvner/gomail/internal/commands/domain.go:104.18,106.5 1 0
github.com/grumpyguvner/gomail/internal/commands/domain.go:109.4,110.55 2 0
github.com/grumpyguvner/gomail/internal/commands/domain.go:110.55,112.5 1 0
github.com/grumpyguvner/gomail/internal/commands/domain.go:114.4,117.50 2 0
github.com/grumpyguvner/gomail/internal/commands/domain.go:117.50,120.5 2 0
github.com/grumpyguvner/gomail/internal/commands/domain.go:120.10,122.5 1 0
github.com/grumpyguvner/gomail/internal/commands/domain.go:124.4,127.14 3 0
github.com/grumpyguvner/gomail/internal/commands/domain.go:132.44,136.55 1 0
github.com/grumpyguvner/gomail/internal/commands/domain.go:136.55,139.18 2 0
github.com/grumpyguvner/gomail/internal/commands/domain.go:139.18,141.5 1 0
github.com/grumpyguvner/gomail/internal/commands/domain.go:144.4,146.18 3 0
github.com/grumpyguvner/gomail/internal/commands/domain.go:146.18,148.5 1 0
github.com/grumpyguvner/gomail/internal/commands/domain.go:150.4,150.25 1 0
github.com/grumpyguvner/gomail/internal/commands/domain.go:150.25,154.5 3 0
github.com/grumpyguvner/gomail/internal/commands/domain.go:156.4,157.35 2 0
github.com/grumpyguvner/gomail/internal/commands/domain.go:157.35,159.5 1 0
github.com/grumpyguvner/gomail/internal/commands/domain.go:161.4,163.14 2 0
github.com/grumpyguvner/gomail/internal/commands/domain.go:168.44,173.55 1 0
github.com/grumpyguvner/gomail/internal/commands/domain.go:173.55,178.18 3 0
github.com/grumpyguvner/gomail/internal/commands/domain.go:178.18,180.5 1 0
github.com/grumpyguvner/gomail/internal/commands/domain.go:182.4,187.18 4 0
github.com/grumpyguvner/gomail/internal/commands/domain.go:187.18,189.5 1 0
github.com/grumpyguvner/gomail/internal/commands/domain.go:191.4,192.30 2 0
github.com/grumpyguvner/gomail/internal/commands/domain.go:192.30,193.20 1 0
github.com/grumpyguvner/gomail/internal/commands/domain.go:193.20,195.11 2 0
github.com/grumpyguvner/gomail/internal/commands/domain.go:199.4,199.24 1 0
github.com/grumpyguvner/gomail/internal/commands/domain.go:199.24,201.5 1 0
github.com/grumpyguvner/gomail/internal/commands/domain.go:201.10,204.5 2 0
github.com/grumpyguvner/gomail/internal/commands/domain.go:207.4,213.34 4 0
github.com/grumpyguvner/gomail/internal/commands/domain.go:213.34,215.5 1 0
github.com/grumpyguvner/gomail/internal/commands/domain.go:215.10,218.5 2 0
github.com/grumpyguvner/gomail/internal/commands/domain.go:223.4,223.14 1 0
github.com/grumpyguvner/gomail/internal/commands/install.go:14.41,26.55 2 0
github.com/grumpyguvner/gomail/internal/commands/install.go:26.55,28.25 1 0
github.com/grumpyguvner/gomail/internal/commands/install.go:28.25,30.5 1 0
github.com/grumpyguvner/gomail/internal/commands/install.go:32.4,36.18 3 0
github.com/grumpyguvner/gomail/internal/commands/install.go:36.18,38.5 1 0
github.com/grumpyguvner/gomail/internal/commands/install.go:41.4,42.41 2 0
github.com/grumpyguvner/gomail/internal/commands/install.go:42.41,44.5 1 0
github.com/grumpyguvner/gomail/internal/commands/install.go:47.4,47.20 1 0
github.com/grumpyguvner/gomail/internal/commands/install.go:47.20,53.47 5 0
github.com/grumpyguvner/gomail/internal/commands/install.go:53.47,55.6 1 0
github.com/grumpyguvner/gomail/internal/commands/install.go:56.5,56.56 1 0
github.com/grumpyguvner/gomail/internal/commands/install.go:60.4,60.16 1 0
github.com/grumpyguvner/gomail/internal/commands/install.go:60.16,62.50 2 0
github.com/grumpyguvner/gomail/internal/commands/install.go:62.50,64.6 1 0
github.com/grumpyguvner/gomail/internal/commands/install.go:65.5,65.50 1 0
github.com/grumpyguvner/gomail/internal/commands/install.go:69.4,69.40 1 0
github.com/grumpyguvner/gomail/internal/commands/install.go:69.40,73.5 2 0
github.com/grumpyguvner/gomail/internal/commands/install.go:76.4,77.47 2 0
github.com/grumpyguvner/gomail/internal/commands/install.go:77.47,79.5 1 0
github.com/grumpyguvner/gomail/internal/commands/install.go:81.4,88.14 7 0
github.com/grumpyguvner/gomail/internal/commands/install.go:92.2,96.12 4 0
github.com/grumpyguvner/gomail/internal/commands/install.go:99.27,104.2 4 0
github.com/grumpyguvner/gomail/internal/commands/install.go:106.50,109.16 2 0
github.com/grumpyguvner/gomail/internal/commands/install.go:109.16,111.3 1 0
github.com/grumpyguvner/gomail/internal/commands/install.go:113.2,114.35 2 0
github.com/grumpyguvner/gomail/internal/commands/install.go:114.35,117.17 2 0
github.com/grumpyguvner/gomail/internal/commands/install.go:117.17,119.4 1 0
github.com/grumpyguvner/gomail/internal/commands/install.go:121.3,121.66 1 0
github.com/grumpyguvner/gomail/internal/commands/install.go:121.66,123.4 1 0
github.com/grumpyguvner/gomail/internal/commands/install.go:124.3,124.53 1 0
github.com/grumpyguvner/gomail/internal/commands/install.go:128.2,128.44 1 0
github.com/grumpyguvner/gomail/internal/commands/install.go:128.44,130.3 1 0
github.com/grumpyguvner/gomail/internal/commands/install.go:133.2,133.55 1 0
github.com/grumpyguvner/gomail/internal/commands/install.go:133.55,135.3 1 0
github.com/grumpyguvner/gomail/internal/commands/install.go:138.2,139.34 2 0
github.com/grumpyguvner/gomail/internal/commands/install.go:139.34,141.3 1 0
github.com/grumpyguvner/gomail/internal/commands/install.go:144.2,144.48 1 0
github.com/grumpyguvner/gomail/internal/commands/install.go:144.48,146.3 1 0
github.com/grumpyguvner/gomail/internal/commands/install.go:149.2,149.51 1 0
github.com/grumpyguvner/gomail/internal/commands/install.go:149.51,151.3 1 0
github.com/grumpyguvner/gomail/internal/commands/install.go:153.2,153.12 1 0
github.com/grumpyguvner/gomail/internal/commands/install.go:156.32,159.34 2 0
github.com/grumpyguvner/gomail/internal/commands/install.go:159.34,161.3 1 0
github.com/grumpyguvner/gomail/internal/commands/install.go:164.2,165.18 2 0
github.com/grumpyguvner/gomail/internal/commands/install.go:168.36,193.109 2 0
github.com/grumpyguvner/gomail/internal/commands/install.go:193.109,195.3 1 0
github.com/grumpyguvner/gomail/internal/commands/install.go:198.2,199.18 2 0
github.com/grumpyguvner/gomail/internal/commands/install.go:202.54,216.89 2 0
github.com/grumpyguvner/gomail/internal/commands/install.go:216.89,218.3 1 0
github.com/grumpyguvner/gomail/internal/commands/install.go:220.2,220.12 1 0
github.com/grumpyguvner/gomail/internal/commands/server.go:18.40,30.55 2 0
github.com/grumpyguvner/gomail/internal/commands/server.go:30.55,33.18 2 0
github.com/grumpyguvner/gomail/internal/commands/server.go:33.18,35.5 1 0
github.com/grumpyguvner/gomail/internal/commands/server.go:38.4,38.35 1 0
github.com/grumpyguvner/gomail/internal/commands/server.go:38.35,40.5 1 0
github.com/grumpyguvner/gomail/internal/commands/server.go:41.4,41.35 1 0
github.com/grumpyguvner/gomail/internal/commands/server.go:41.35,43.5 1 0
github.com/grumpyguvner/gomail/internal/commands/server.go:44.4,44.39 1 0
github.com/grumpyguvner/gomail/internal/commands/server.go:44.39,46.5 1 0
github.com/grumpyguvner/gomail/internal/commands/server.go:47.4,47.36 1 0
github.com/grumpyguvner/gomail/internal/commands/server.go:47.36,49.5 1 0
github.com/grumpyguvner/gomail/internal/commands/server.go:52.4,52.59 1 0
github.com/grumpyguvner/gomail/internal/commands/server.go:52.59,54.5 1 0
github.com/grumpyguvner/gomail/internal/commands/server.go:57.4,57.71 1 0
github.com/grumpyguvner/gomail/internal/commands/server.go:57.71,59.5 1 0
github.com/grumpyguvner/gomail/internal/commands/server.go:62.4,63.18 2 0
github.com/grumpyguvner/gomail/internal/commands/server.go:63.18,65.5 1 0
github.com/grumpyguvner/gomail/internal/commands/server.go:68.4,74.14 5 0
github.com/grumpyguvner/gomail/internal/commands/server.go:74.14,78.5 3 0
github.com/grumpyguvner/gomail/internal/commands/server.go:81.4,82.44 2 0
github.com/grumpyguvner/gomail/internal/commands/server.go:82.44,84.5 1 0
github.com/grumpyguvner/gomail/internal/commands/server.go:87.4,93.55 4 0
github.com/grumpyguvner/gomail/internal/commands/server.go:93.55,95.5 1 0
github.com/grumpyguvner/gomail/internal/commands/server.go:97.4,98.14 2 0
github.com/grumpyguvner/gomail/internal/commands/server.go:102.2,107.12 5 0
github.com/grumpyguvner/gomail/internal/commands/ssl.go:9.37,21.2 5 0
github.com/grumpyguvner/gomail/internal/commands/ssl.go:23.42,27.55 1 0
github.com/grumpyguvner/gomail/internal/commands/ssl.go:27.55,39.4 3 0
github.com/grumpyguvner/gomail/internal/commands/ssl.go:43.42,47.55 1 0
github.com/grumpyguvner/gomail/internal/commands/ssl.go:47.55,57.4 3 0
github.com/grumpyguvner/gomail/internal/commands/ssl.go:61.43,65.55 1 0
github.com/grumpyguvner/gomail/internal/commands/ssl.go:65.55,76.4 3 0
github.com/grumpyguvner/gomail/internal/commands/test.go:11.38,16.55 1 0
github.com/grumpyguvner/gomail/internal/commands/test.go:16.55,22.18 4 0
github.com/grumpyguvner/gomail/internal/commands/test.go:22.18,24.5 1 0
github.com/grumpyguvner/gomail/internal/commands/test.go:27.4,28.46 2 0
github.com/grumpyguvner/gomail/internal/commands/test.go:28.46,30.5 1 0
github.com/grumpyguvner/gomail/internal/commands/test.go:30.10,32.5 1 0
github.com/grumpyguvner/gomail/internal/commands/test.go:35.4,36.46 2 0
github.com/grumpyguvner/gomail/internal/commands/test.go:36.46,38.5 1 0
github.com/grumpyguvner/gomail/internal/commands/test.go:38.10,40.5 1 0
github.com/grumpyguvner/gomail/internal/commands/test.go:43.4,44.39 2 0
github.com/grumpyguvner/gomail/internal/commands/test.go:44.39,46.5 1 0
github.com/grumpyguvner/gomail/internal/commands/test.go:46.10,48.5 1 0
github.com/grumpyguvner/gomail/internal/commands/test.go:51.4,52.45 2 0
github.com/grumpyguvner/gomail/internal/commands/test.go:52.45,54.5 1 0
github.com/grumpyguvner/gomail/internal/commands/test.go:54.10,56.5 1 0
github.com/grumpyguvner/gomail/internal/commands/test.go:58.4,59.14 2 0
github.com/grumpyguvner/gomail/internal/commands/test.go:64.32,66.34 2 0
github.com/grumpyguvner/gomail/internal/commands/test.go:66.34,68.3 1 0
github.com/grumpyguvner/gomail/internal/commands/test.go:69.2,69.12 1 0
github.com/grumpyguvner/gomail/internal/commands/test.go:72.47,75.34 2 0
github.com/grumpyguvner/gomail/internal/commands/test.go:75.34,79.35 3 0
github.com/grumpyguvner/gomail/internal/commands/test.go:79.35,81.4 1 0
github.com/grumpyguvner/gomail/internal/commands/test.go:83.2,83.12 1 0
github.com/grumpyguvner/gomail/internal/commands/test.go:86.25,88.34 2 0
github.com/grumpyguvner/gomail/internal/commands/test.go:88.34,90.3 1 0
github.com/grumpyguvner/gomail/internal/commands/test.go:91.2,91.12 1 0
github.com/grumpyguvner/gomail/internal/commands/test.go:94.46,100.34 3 0
github.com/grumpyguvner/gomail/internal/commands/test.go:100.34,102.35 2 0
github.com/grumpyguvner/gomail/internal/commands/test.go:102.35,104.4 1 0
github.com/grumpyguvner/gomail/internal/commands/test.go:105.8,108.35 2 0
github.com/grumpyguvner/gomail/internal/commands/test.go:108.35,110.4 1 0
github.com/grumpyguvner/gomail/internal/commands/test.go:113.2,113.12 1 0
github.com/grumpyguvner/gomail/internal/mail/parser.go:53.88,56.16 2 0
github.com/grumpyguvner/gomail/internal/mail/parser.go:56.16,58.3 1 0
github.com/grumpyguvner/gomail/internal/mail/parser.go:60.2,71.68 5 0
github.com/grumpyguvner/gomail/internal/mail/parser.go:71.68,73.3 1 0
github.com/grumpyguvner/gomail/internal/mail/parser.go:73.8,75.3 1 0
github.com/grumpyguvner/gomail/internal/mail/parser.go:77.2,77.38 1 0
github.com/grumpyguvner/gomail/internal/mail/parser.go:77.38,78.53 1 0
github.com/grumpyguvner/gomail/internal/mail/parser.go:78.53,80.4 1 0
github.com/grumpyguvner/gomail/internal/mail/parser.go:80.9,82.4 1 0
github.com/grumpyguvner/gomail/internal/mail/parser.go:86.2,96.62 3 0
github.com/grumpyguvner/gomail/internal/mail/parser.go:96.62,98.3 1 0
github.com/grumpyguvner/gomail/internal/mail/parser.go:99.2,99.71 1 0
github.com/grumpyguvner/gomail/internal/mail/parser.go:99.71,101.3 1 0
github.com/grumpyguvner/gomail/internal/mail/parser.go:103.2,103.18 1 0
github.com/grumpyguvner/gomail/internal/mail/parser.go:106.110,128.2 5 0
github.com/grumpyguvner/gomail/internal/mail/parser.go:130.59,137.47 2 0
github.com/grumpyguvner/gomail/internal/mail/parser.go:137.47,144.53 4 0
github.com/grumpyguvner/gomail/internal/mail/parser.go:144.53,146.4 1 0
github.com/grumpyguvner/gomail/internal/mail/parser.go:150.2,150.44 1 0
github.com/grumpyguvner/gomail/internal/mail/parser.go:150.44,151.55 1 0
github.com/grumpyguvner/gomail/internal/mail/parser.go:151.55,153.23 2 0
github.com/grumpyguvner/gomail/internal/mail/parser.go:153.23,155.5 1 0
github.com/grumpyguvner/gomail/internal/mail/parser.go:159.2,159.13 1 0
github.com/grumpyguvner/gomail/internal/mail/parser.go:162.55,164.15 2 0
github.com/grumpyguvner/gomail/internal/mail/parser.go:164.15,166.3 1 0
github.com/grumpyguvner/gomail/internal/mail/parser.go:168.2,170.15 3 0
github.com/grumpyguvner/gomail/internal/mail/parser.go:170.15,172.3 1 0
github.com/grumpyguvner/gomail/internal/mail/parser.go:173.2,173.56 1 0
github.com/grumpyguvner/gomail/internal/mail/parser.go:176.55,182.42 2 0
github.com/grumpyguvner/gomail/internal/mail/parser.go:182.42,184.3 1 0
github.com/grumpyguvner/gomail/internal/mail/parser.go:185.2,185.45 1 0
github.com/grumpyguvner/gomail/internal/mail/parser.go:185.45,187.3 1 0
github.com/grumpyguvner/gomail/internal/mail/parser.go:188.2,188.39 1 0
github.com/grumpyguvner/gomail/internal/mail/parser.go:188.39,190.3 1 0
github.com/grumpyguvner/gomail/internal/mail/parser.go:191.2,191.43 1 0
github.com/grumpyguvner/gomail/internal/mail/parser.go:191.43,193.3 1 0
github.com/grumpyguvner/gomail/internal/mail/parser.go:196.2,196.65 1 0
github.com/grumpyguvner/gomail/internal/mail/parser.go:196.65,197.51 1 0
github.com/grumpyguvner/gomail/internal/mail/parser.go:197.51,199.4 1 0
github.com/grumpyguvner/gomail/internal/mail/parser.go:200.3,200.52 1 0
github.com/grumpyguvner/gomail/internal/mail/parser.go:200.52,202.4 1 0
github.com/grumpyguvner/gomail/internal/mail/parser.go:203.3,203.48 1 0
github.com/grumpyguvner/gomail/internal/mail/parser.go:203.48,205.4 1 0
github.com/grumpyguvner/gomail/internal/mail/parser.go:209.2,209.21 1 0
github.com/grumpyguvner/gomail/internal/mail/parser.go:209.21,210.63 1 0
github.com/grumpyguvner/gomail/internal/mail/parser.go:210.63,212.27 2 0
github.com/grumpyguvner/gomail/internal/mail/parser.go:212.27,214.5 1 0
github.com/grumpyguvner/gomail/internal/mail/parser.go:215.4,215.29 1 0
github.com/grumpyguvner/gomail/internal/mail/parser.go:215.29,217.5 1 0
github.com/grumpyguvner/gomail/internal/mail/parser.go:221.2,221.14 1 0
github.com/grumpyguvner/gomail/internal/mail/parser.go:224.62,229.6 4 0
github.com/grumpyguvner/gomail/internal/mail/parser.go:229.6,231.17 2 0
github.com/grumpyguvner/gomail/internal/mail/parser.go:231.17,232.9 1 0
github.com/grumpyguvner/gomail/internal/mail/parser.go:236.3,236.37 1 0
github.com/grumpyguvner/gomail/internal/mail/parser.go:236.37,237.24 1 0
github.com/grumpyguvner/gomail/internal/mail/parser.go:237.24,239.5 1 0
github.com/grumpyguvner/gomail/internal/mail/parser.go:240.4,240.9 1 0
github.com/grumpyguvner/gomail/internal/mail/parser.go:244.3,244.59 1 0
github.com/grumpyguvner/gomail/internal/mail/parser.go:244.59,246.12 2 0
github.com/grumpyguvner/gomail/internal/mail/parser.go:250.3,250.23 1 0
github.com/grumpyguvner/gomail/internal/mail/parser.go:250.23,252.4 1 0
github.com/grumpyguvner/gomail/internal/mail/parser.go:255.3,256.14 2 0
github.com/grumpyguvner/gomail/internal/mail/parser.go:256.14,260.4 3 0
github.com/grumpyguvner/gomail/internal/mail/parser.go:263.2,263.21 1 0
github.com/grumpyguvner/gomail/internal/postfix/installer.go:16.50,18.2 1 0
github.com/grumpyguvner/gomail/internal/postfix/installer.go:20.37,22.44 1 0
github.com/grumpyguvner/gomail/internal/postfix/installer.go:22.44,24.3 1 0
github.com/grumpyguvner/gomail/internal/postfix/installer.go:27.2,27.45 1 0
github.com/grumpyguvner/gomail/internal/postfix/installer.go:27.45,29.3 1 0
github.com/grumpyguvner/gomail/internal/postfix/installer.go:32.2,32.45 1 0
github.com/grumpyguvner/gomail/internal/postfix/installer.go:32.45,34.3 1 0
github.com/grumpyguvner/gomail/internal/postfix/installer.go:37.2,37.46 1 0
github.com/grumpyguvner/gomail/internal/postfix/installer.go:37.46,39.3 1 0
github.com/grumpyguvner/gomail/internal/postfix/installer.go:42.2,42.42 1 0
github.com/grumpyguvner/gomail/internal/postfix/installer.go:42.42,44.3 1 0
github.com/grumpyguvner/gomail/internal/postfix/installer.go:46.2,46.12 1 0
github.com/grumpyguvner/gomail/internal/postfix/installer.go:49.45,52.34 2 0
github.com/grumpyguvner/gomail/internal/postfix/installer.go:52.34,54.3 1 0
github.com/grumpyguvner/gomail/internal/postfix/installer.go:57.2,60.18 4 0
github.com/grumpyguvner/gomail/internal/postfix/installer.go:63.46,67.49 3 0
github.com/grumpyguvner/gomail/internal/postfix/installer.go:67.49,70.3 1 0
github.com/grumpyguvner/gomail/internal/postfix/installer.go:73.2,92.35 2 0
github.com/grumpyguvner/gomail/internal/postfix/installer.go:92.35,94.35 2 0
github.com/grumpyguvner/gomail/internal/postfix/installer.go:94.35,96.4 1 0
github.com/grumpyguvner/gomail/internal/postfix/installer.go:101.2,104.103 2 0
github.com/grumpyguvner/gomail/internal/postfix/installer.go:104.103,106.3 1 0
github.com/grumpyguvner/gomail/internal/postfix/installer.go:109.2,109.109 1 0
github.com/grumpyguvner/gomail/internal/postfix/installer.go:109.109,111.3 1 0
github.com/grumpyguvner/gomail/internal/postfix/installer.go:113.2,113.12 1 0
github.com/grumpyguvner/gomail/internal/postfix/installer.go:116.43,121.74 2 0
github.com/grumpyguvner/gomail/internal/postfix/installer.go:121.74,122.61 1 0
github.com/grumpyguvner/gomail/internal/postfix/installer.go:122.61,124.55 2 0
github.com/grumpyguvner/gomail/internal/postfix/installer.go:124.55,126.5 1 0
github.com/grumpyguvner/gomail/internal/postfix/installer.go:131.2,132.28 2 0
github.com/grumpyguvner/gomail/internal/postfix/installer.go:132.28,133.34 1 0
github.com/grumpyguvner/gomail/internal/postfix/installer.go:133.34,135.9 2 0
github.com/grumpyguvner/gomail/internal/postfix/installer.go:139.2,139.12 1 0
github.com/grumpyguvner/gomail/internal/postfix/installer.go:139.12,144.90 3 0
github.com/grumpyguvner/gomail/internal/postfix/installer.go:144.90,146.4 1 0
github.com/grumpyguvner/gomail/internal/postfix/installer.go:149.3,151.35 3 0
github.com/grumpyguvner/gomail/internal/postfix/installer.go:151.35,153.4 1 0
github.com/grumpyguvner/gomail/internal/postfix/installer.go:156.2,156.12 1 0
github.com/grumpyguvner/gomail/internal/postfix/installer.go:159.46,216.78 3 0
github.com/grumpyguvner/gomail/internal/postfix/installer.go:216.78,218.3 1 0
github.com/grumpyguvner/gomail/internal/postfix/installer.go:221.2,222.34 2 0
github.com/grumpyguvner/gomail/internal/postfix/installer.go:222.34,224.3 1 0
github.com/grumpyguvner/gomail/internal/postfix/installer.go:226.2,226.12 1 0
github.com/grumpyguvner/gomail/internal/postfix/installer.go:229.47,235.16 3 0
github.com/grumpyguvner/gomail/internal/postfix/installer.go:235.16,237.3 1 0
github.com/grumpyguvner/gomail/internal/postfix/installer.go:240.2,240.50 1 0
github.com/grumpyguvner/gomail/internal/postfix/installer.go:240.50,242.74 1 0
github.com/grumpyguvner/gomail/internal/postfix/installer.go:242.74,248.31 4 0
github.com/grumpyguvner/gomail/internal/postfix/installer.go:248.31,249.43 1 0
github.com/grumpyguvner/gomail/internal/postfix/installer.go:249.43,251.14 2 0
github.com/grumpyguvner/gomail/internal/postfix/installer.go:253.5,253.50 1 0
github.com/grumpyguvner/gomail/internal/postfix/installer.go:253.50,254.14 1 0
github.com/grumpyguvner/gomail/internal/postfix/installer.go:256.5,257.38 2 0
github.com/grumpyguvner/gomail/internal/postfix/installer.go:260.4,260.50 1 0
github.com/grumpyguvner/gomail/internal/postfix/installer.go:261.9,263.4 1 0
github.com/grumpyguvner/gomail/internal/postfix/installer.go:267.2,274.102 2 0
github.com/grumpyguvner/gomail/internal/postfix/installer.go:274.102,276.3 1 0
github.com/grumpyguvner/gomail/internal/postfix/installer.go:278.2,278.12 1 0
github.com/grumpyguvner/gomail/internal/postfix/installer.go:281.43,284.34 2 0
github.com/grumpyguvner/gomail/internal/postfix/installer.go:284.34,286.3 1 0
github.com/grumpyguvner/gomail/internal/postfix/installer.go:289.2,290.34 2 0
github.com/grumpyguvner/gomail/internal/postfix/installer.go:290.34,292.3 1 0
github.com/grumpyguvner/gomail/internal/postfix/installer.go:294.2,294.12 1 0
github.com/grumpyguvner/gomail/internal/postfix/manager.go:17.58,19.2 1 0
github.com/grumpyguvner/gomail/internal/postfix/manager.go:21.56,24.16 2 0
github.com/grumpyguvner/gomail/internal/postfix/manager.go:24.16,26.3 1 0
github.com/grumpyguvner/gomail/internal/postfix/manager.go:29.2,29.28 1 0
github.com/grumpyguvner/gomail/internal/postfix/manager.go:29.28,30.18 1 0
github.com/grumpyguvner/gomail/internal/postfix/manager.go:30.18,32.4 1 0
github.com/grumpyguvner/gomail/internal/postfix/manager.go:36.2,37.16 2 0
github.com/grumpyguvner/gomail/internal/postfix/manager.go:37.16,39.3 1 0
github.com/grumpyguvner/gomail/internal/postfix/manager.go:40.2,42.59 2 0
github.com/grumpyguvner/gomail/internal/postfix/manager.go:42.59,44.3 1 0
github.com/grumpyguvner/gomail/internal/postfix/manager.go:47.2,51.34 4 0
github.com/grumpyguvner/gomail/internal/postfix/manager.go:51.34,53.3 1 0
github.com/grumpyguvner/gomail/internal/postfix/manager.go:55.2,55.12 1 0
github.com/grumpyguvner/gomail/internal/postfix/manager.go:58.59,61.16 2 0
github.com/grumpyguvner/gomail/internal/postfix/manager.go:61.16,63.3 1 0
github.com/grumpyguvner/gomail/internal/postfix/manager.go:66.2,68.28 3 0
github.com/grumpyguvner/gomail/internal/postfix/manager.go:68.28,69.18 1 0
github.com/grumpyguvner/gomail/internal/postfix/manager.go:69.18,71.4 1 0
github.com/grumpyguvner/gomail/internal/postfix/manager.go:71.9,73.4 1 0
github.com/grumpyguvner/gomail/internal/postfix/manager.go:76.2,76.12 1 0
github.com/grumpyguvner/gomail/internal/postfix/manager.go:76.12,78.3 1 0
github.com/grumpyguvner/gomail/internal/postfix/manager.go:81.2,82.25 2 0
github.com/grumpyguvner/gomail/internal/postfix/manager.go:82.25,84.3 1 0
github.com/grumpyguvner/gomail/internal/postfix/manager.go:86.2,86.89 1 0
github.com/grumpyguvner/gomail/internal/postfix/manager.go:86.89,88.3 1 0
github.com/grumpyguvner/gomail/internal/postfix/manager.go:91.2,92.22 2 0
github.com/grumpyguvner/gomail/internal/postfix/manager.go:92.22,94.3 1 0
github.com/grumpyguvner/gomail/internal/postfix/manager.go:96.2,97.34 2 0
github.com/grumpyguvner/gomail/internal/postfix/manager.go:97.34,99.3 1 0
github.com/grumpyguvner/gomail/internal/postfix/manager.go:101.2,101.12 1 0
github.com/grumpyguvner/gomail/internal/postfix/manager.go:104.57,108.64 2 0
github.com/grumpyguvner/gomail/internal/postfix/manager.go:108.64,110.17 2 0
github.com/grumpyguvner/gomail/internal/postfix/manager.go:110.17,112.4 1 0
github.com/grumpyguvner/gomail/internal/postfix/manager.go:113.3,116.22 3 0
github.com/grumpyguvner/gomail/internal/postfix/manager.go:116.22,118.55 2 0
github.com/grumpyguvner/gomail/internal/postfix/manager.go:118.55,120.5 1 0
github.com/grumpyguvner/gomail/internal/postfix/manager.go:123.3,123.39 1 0
github.com/grumpyguvner/gomail/internal/postfix/manager.go:123.39,125.4 1 0
github.com/grumpyguvner/gomail/internal/postfix/manager.go:126.8,130.17 3 0
github.com/grumpyguvner/gomail/internal/postfix/manager.go:130.17,132.4 1 0
github.com/grumpyguvner/gomail/internal/postfix/manager.go:135.3,136.60 2 0
github.com/grumpyguvner/gomail/internal/postfix/manager.go:136.60,138.53 2 0
github.com/grumpyguvner/gomail/internal/postfix/manager.go:138.53,140.5 1 0
github.com/grumpyguvner/gomail/internal/postfix/manager.go:144.2,144.21 1 0
github.com/grumpyguvner/gomail/internal/postfix/manager.go:147.47,150.2 2 0
github.com/grumpyguvner/gomail/internal/postfix/manager.go:152.49,155.16 3 0
github.com/grumpyguvner/gomail/internal/postfix/manager.go:155.16,157.3 1 0
github.com/grumpyguvner/gomail/internal/postfix/manager.go:158.2,158.54 1 0
github.com/grumpyguvner/gomail/internal/postfix/manager.go:161.60,164.16 3 0
github.com/grumpyguvner/gomail/internal/postfix/manager.go:164.16,166.47 1 0
github.com/grumpyguvner/gomail/internal/postfix/manager.go:166.47,168.4 1 0
github.com/grumpyguvner/gomail/internal/postfix/manager.go:169.3,169.65 1 0
github.com/grumpyguvner/gomail/internal/postfix/manager.go:171.2,171.28 1 0
github.com/grumpyguvner/gomail/internal/storage/file.go:19.59,27.27 2 0
github.com/grumpyguvner/gomail/internal/storage/file.go:27.27,28.48 1 0
github.com/grumpyguvner/gomail/internal/storage/file.go:28.48,30.4 1 0
github.com/grumpyguvner/gomail/internal/storage/file.go:33.2,35.8 1 0
github.com/grumpyguvner/gomail/internal/storage/file.go:38.69,46.47 6 0
github.com/grumpyguvner/gomail/internal/storage/file.go:46.47,48.3 1 0
github.com/grumpyguvner/gomail/internal/storage/file.go:51.2,52.50 2 0
github.com/grumpyguvner/gomail/internal/storage/file.go:52.50,54.3 1 0
github.com/grumpyguvner/gomail/internal/storage/file.go:56.2,61.16 4 0
github.com/grumpyguvner/gomail/internal/storage/file.go:61.16,63.3 1 0
github.com/grumpyguvner/gomail/internal/storage/file.go:66.2,66.59 1 0
github.com/grumpyguvner/gomail/internal/storage/file.go:66.59,68.3 1 0
github.com/grumpyguvner/gomail/internal/storage/file.go:70.2,70.22 1 0
github.com/grumpyguvner/gomail/internal/storage/file.go:73.63,81.16 6 0
github.com/grumpyguvner/gomail/internal/storage/file.go:81.16,82.25 1 0
github.com/grumpyguvner/gomail/internal/storage/file.go:82.25,84.4 1 0
github.com/grumpyguvner/gomail/internal/storage/file.go:85.3,85.62 1 0
github.com/grumpyguvner/gomail/internal/storage/file.go:88.2,89.32 2 0
github.com/grumpyguvner/gomail/internal/storage/file.go:89.32,90.62 1 0
github.com/grumpyguvner/gomail/internal/storage/file.go:90.62,92.4 1 0
github.com/grumpyguvner/gomail/internal/storage/file.go:95.2,95.19 1 0
github.com/grumpyguvner/gomail/internal/storage/file.go:98.67,100.16 2 0
github.com/grumpyguvner/gomail/internal/storage/file.go:100.16,102.3 1 0
github.com/grumpyguvner/gomail/internal/storage/file.go:104.2,105.53 2 0
github.com/grumpyguvner/gomail/internal/storage/file.go:105.53,107.3 1 0
github.com/grumpyguvner/gomail/internal/storage/file.go:109.2,109.20 1 0
github.com/grumpyguvner/gomail/internal/storage/file.go:112.63,115.51 2 0
github.com/grumpyguvner/gomail/internal/storage/file.go:115.51,117.3 1 0
github.com/grumpyguvner/gomail/internal/storage/file.go:120.2,120.55 1 0
github.com/grumpyguvner/gomail/internal/storage/file.go:120.55,122.3 1 0
github.com/grumpyguvner/gomail/internal/storage/file.go:124.2,124.12 1 0
github.com/grumpyguvner/gomail/internal/storage/file.go:127.50,128.40 1 0
github.com/grumpyguvner/gomail/internal/storage/file.go:128.40,130.3 1 0
github.com/grumpyguvner/gomail/internal/storage/file.go:131.2,131.12 1 0
